[ 2017-07-31T09:14:03+08:00 ] 127.0.0.1 /index.php/Admin/Email/getCount.html
INFO: [ app_begin ] --START--
INFO: Run Behavior\ReadHtmlCacheBehavior [ RunTime:0.000000s ]
INFO: [ app_begin ] --END-- [ RunTime:0.001000s ]
SQL: SHOW COLUMNS FROM `sp_email` [ RunTime:0.0400s ]
SQL: SELECT COUNT(*) AS tp_count FROM `sp_email` WHERE ( isread = 0 and to_id =1 ) LIMIT 1   [ RunTime:0.0260s ]
INFO: [ app_end ] --START--
INFO: Run Behavior\ShowPageTraceBehavior [ RunTime:0.002001s ]
INFO: [ app_end ] --END-- [ RunTime:0.002001s ]

[ 2017-07-31T09:14:08+08:00 ] 127.0.0.1 /index.php/Admin/Email/getCount.html
INFO: [ app_begin ] --START--
INFO: Run Behavior\ReadHtmlCacheBehavior [ RunTime:0.001000s ]
INFO: [ app_begin ] --END-- [ RunTime:0.002001s ]
SQL: SHOW COLUMNS FROM `sp_email` [ RunTime:0.0010s ]
SQL: SELECT COUNT(*) AS tp_count FROM `sp_email` WHERE ( isread = 0 and to_id =1 ) LIMIT 1   [ RunTime:0.0000s ]
INFO: [ app_end ] --START--
INFO: Run Behavior\ShowPageTraceBehavior [ RunTime:0.000000s ]
INFO: [ app_end ] --END-- [ RunTime:0.000000s ]

[ 2017-07-31T11:53:25+08:00 ] 127.0.0.1 /index.php/Admin/Email/getCount.html
INFO: [ app_begin ] --START--
INFO: Run Behavior\ReadHtmlCacheBehavior [ RunTime:0.001000s ]
INFO: [ app_begin ] --END-- [ RunTime:0.002000s ]
SQL: SHOW COLUMNS FROM `sp_email` [ RunTime:0.0020s ]
SQL: SELECT COUNT(*) AS tp_count FROM `sp_email` WHERE ( isread = 0 and to_id =8 ) LIMIT 1   [ RunTime:0.0330s ]
INFO: [ app_end ] --START--
INFO: Run Behavior\ShowPageTraceBehavior [ RunTime:0.001000s ]
INFO: [ app_end ] --END-- [ RunTime:0.003000s ]

[ 2017-07-31T11:53:30+08:00 ] 127.0.0.1 /index.php/Admin/Email/getCount.html
INFO: [ app_begin ] --START--
INFO: Run Behavior\ReadHtmlCacheBehavior [ RunTime:0.001000s ]
INFO: [ app_begin ] --END-- [ RunTime:0.001000s ]
SQL: SHOW COLUMNS FROM `sp_email` [ RunTime:0.0440s ]
SQL: SELECT COUNT(*) AS tp_count FROM `sp_email` WHERE ( isread = 0 and to_id =8 ) LIMIT 1   [ RunTime:0.0020s ]
INFO: [ app_end ] --START--
INFO: Run Behavior\ShowPageTraceBehavior [ RunTime:0.002000s ]
INFO: [ app_end ] --END-- [ RunTime:0.002000s ]

[ 2017-07-31T11:53:35+08:00 ] 127.0.0.1 /index.php/Admin/Email/getCount.html
INFO: [ app_begin ] --START--
INFO: Run Behavior\ReadHtmlCacheBehavior [ RunTime:0.000000s ]
INFO: [ app_begin ] --END-- [ RunTime:0.001000s ]
SQL: SHOW COLUMNS FROM `sp_email` [ RunTime:0.0130s ]
SQL: SELECT COUNT(*) AS tp_count FROM `sp_email` WHERE ( isread = 0 and to_id =8 ) LIMIT 1   [ RunTime:0.0010s ]
INFO: [ app_end ] --START--
INFO: Run Behavior\ShowPageTraceBehavior [ RunTime:0.001000s ]
INFO: [ app_end ] --END-- [ RunTime:0.001000s ]

[ 2017-07-31T11:53:40+08:00 ] 127.0.0.1 /index.php/Admin/Email/getCount.html
INFO: [ app_begin ] --START--
INFO: Run Behavior\ReadHtmlCacheBehavior [ RunTime:0.000000s ]
INFO: [ app_begin ] --END-- [ RunTime:0.001000s ]
SQL: SHOW COLUMNS FROM `sp_email` [ RunTime:0.0040s ]
SQL: SELECT COUNT(*) AS tp_count FROM `sp_email` WHERE ( isread = 0 and to_id =8 ) LIMIT 1   [ RunTime:0.0010s ]
INFO: [ app_end ] --START--
INFO: Run Behavior\ShowPageTraceBehavior [ RunTime:0.000000s ]
INFO: [ app_end ] --END-- [ RunTime:0.000000s ]

[ 2017-07-31T11:53:45+08:00 ] 127.0.0.1 /index.php/Admin/Email/getCount.html
INFO: [ app_begin ] --START--
INFO: Run Behavior\ReadHtmlCacheBehavior [ RunTime:0.001000s ]
INFO: [ app_begin ] --END-- [ RunTime:0.001000s ]
SQL: SHOW COLUMNS FROM `sp_email` [ RunTime:0.0310s ]
SQL: SELECT COUNT(*) AS tp_count FROM `sp_email` WHERE ( isread = 0 and to_id =8 ) LIMIT 1   [ RunTime:0.0010s ]
INFO: [ app_end ] --START--
INFO: Run Behavior\ShowPageTraceBehavior [ RunTime:0.001000s ]
INFO: [ app_end ] --END-- [ RunTime:0.001000s ]

[ 2017-07-31T11:53:51+08:00 ] 127.0.0.1 /index.php/Admin/Email/getCount.html
INFO: [ app_begin ] --START--
INFO: Run Behavior\ReadHtmlCacheBehavior [ RunTime:0.001000s ]
INFO: [ app_begin ] --END-- [ RunTime:0.002000s ]
SQL: SHOW COLUMNS FROM `sp_email` [ RunTime:0.0030s ]
SQL: SELECT COUNT(*) AS tp_count FROM `sp_email` WHERE ( isread = 0 and to_id =8 ) LIMIT 1   [ RunTime:0.0010s ]
INFO: [ app_end ] --START--
INFO: Run Behavior\ShowPageTraceBehavior [ RunTime:0.000000s ]
INFO: [ app_end ] --END-- [ RunTime:0.001000s ]

[ 2017-07-31T11:53:55+08:00 ] 127.0.0.1 /index.php/Admin/Email/getCount.html
INFO: [ app_begin ] --START--
INFO: Run Behavior\ReadHtmlCacheBehavior [ RunTime:0.001000s ]
INFO: [ app_begin ] --END-- [ RunTime:0.002000s ]
SQL: SHOW COLUMNS FROM `sp_email` [ RunTime:0.0010s ]
SQL: SELECT COUNT(*) AS tp_count FROM `sp_email` WHERE ( isread = 0 and to_id =8 ) LIMIT 1   [ RunTime:0.0010s ]
INFO: [ app_end ] --START--
INFO: Run Behavior\ShowPageTraceBehavior [ RunTime:0.000000s ]
INFO: [ app_end ] --END-- [ RunTime:0.001000s ]

[ 2017-07-31T11:54:00+08:00 ] 127.0.0.1 /index.php/Admin/Email/getCount.html
INFO: [ app_begin ] --START--
INFO: Run Behavior\ReadHtmlCacheBehavior [ RunTime:0.001000s ]
INFO: [ app_begin ] --END-- [ RunTime:0.001000s ]
SQL: SHOW COLUMNS FROM `sp_email` [ RunTime:0.0010s ]
SQL: SELECT COUNT(*) AS tp_count FROM `sp_email` WHERE ( isread = 0 and to_id =8 ) LIMIT 1   [ RunTime:0.0010s ]
INFO: [ app_end ] --START--
INFO: Run Behavior\ShowPageTraceBehavior [ RunTime:0.001000s ]
INFO: [ app_end ] --END-- [ RunTime:0.001000s ]

[ 2017-07-31T11:54:05+08:00 ] 127.0.0.1 /index.php/Admin/Email/getCount.html
INFO: [ app_begin ] --START--
INFO: Run Behavior\ReadHtmlCacheBehavior [ RunTime:0.001000s ]
INFO: [ app_begin ] --END-- [ RunTime:0.003000s ]
SQL: SHOW COLUMNS FROM `sp_email` [ RunTime:0.0030s ]
SQL: SELECT COUNT(*) AS tp_count FROM `sp_email` WHERE ( isread = 0 and to_id =8 ) LIMIT 1   [ RunTime:0.0020s ]
INFO: [ app_end ] --START--
INFO: Run Behavior\ShowPageTraceBehavior [ RunTime:0.002000s ]
INFO: [ app_end ] --END-- [ RunTime:0.002000s ]

[ 2017-07-31T11:54:10+08:00 ] 127.0.0.1 /index.php/Admin/Email/getCount.html
INFO: [ app_begin ] --START--
INFO: Run Behavior\ReadHtmlCacheBehavior [ RunTime:0.002000s ]
INFO: [ app_begin ] --END-- [ RunTime:0.003000s ]
SQL: SHOW COLUMNS FROM `sp_email` [ RunTime:0.0010s ]
SQL: SELECT COUNT(*) AS tp_count FROM `sp_email` WHERE ( isread = 0 and to_id =8 ) LIMIT 1   [ RunTime:0.0010s ]
INFO: [ app_end ] --START--
INFO: Run Behavior\ShowPageTraceBehavior [ RunTime:0.004000s ]
INFO: [ app_end ] --END-- [ RunTime:0.004000s ]

[ 2017-07-31T11:54:15+08:00 ] 127.0.0.1 /index.php/Admin/Email/getCount.html
INFO: [ app_begin ] --START--
INFO: Run Behavior\ReadHtmlCacheBehavior [ RunTime:0.001000s ]
INFO: [ app_begin ] --END-- [ RunTime:0.001000s ]
SQL: SHOW COLUMNS FROM `sp_email` [ RunTime:0.0010s ]
SQL: SELECT COUNT(*) AS tp_count FROM `sp_email` WHERE ( isread = 0 and to_id =8 ) LIMIT 1   [ RunTime:0.0000s ]
INFO: [ app_end ] --START--
INFO: Run Behavior\ShowPageTraceBehavior [ RunTime:0.000000s ]
INFO: [ app_end ] --END-- [ RunTime:0.000000s ]

[ 2017-07-31T11:54:20+08:00 ] 127.0.0.1 /index.php/Admin/Email/getCount.html
INFO: [ app_begin ] --START--
INFO: Run Behavior\ReadHtmlCacheBehavior [ RunTime:0.002000s ]
INFO: [ app_begin ] --END-- [ RunTime:0.002000s ]
SQL: SHOW COLUMNS FROM `sp_email` [ RunTime:0.0010s ]
SQL: SELECT COUNT(*) AS tp_count FROM `sp_email` WHERE ( isread = 0 and to_id =8 ) LIMIT 1   [ RunTime:0.0010s ]
INFO: [ app_end ] --START--
INFO: Run Behavior\ShowPageTraceBehavior [ RunTime:0.000000s ]
INFO: [ app_end ] --END-- [ RunTime:0.001000s ]

[ 2017-07-31T11:54:25+08:00 ] 127.0.0.1 /index.php/Admin/Email/getCount.html
INFO: [ app_begin ] --START--
INFO: Run Behavior\ReadHtmlCacheBehavior [ RunTime:0.000000s ]
INFO: [ app_begin ] --END-- [ RunTime:0.002000s ]
SQL: SHOW COLUMNS FROM `sp_email` [ RunTime:0.0010s ]
SQL: SELECT COUNT(*) AS tp_count FROM `sp_email` WHERE ( isread = 0 and to_id =8 ) LIMIT 1   [ RunTime:0.0020s ]
INFO: [ app_end ] --START--
INFO: Run Behavior\ShowPageTraceBehavior [ RunTime:0.001000s ]
INFO: [ app_end ] --END-- [ RunTime:0.001000s ]

[ 2017-07-31T11:54:30+08:00 ] 127.0.0.1 /index.php/Admin/Email/getCount.html
INFO: [ app_begin ] --START--
INFO: Run Behavior\ReadHtmlCacheBehavior [ RunTime:0.000000s ]
INFO: [ app_begin ] --END-- [ RunTime:0.001000s ]
SQL: SHOW COLUMNS FROM `sp_email` [ RunTime:0.0010s ]
SQL: SELECT COUNT(*) AS tp_count FROM `sp_email` WHERE ( isread = 0 and to_id =8 ) LIMIT 1   [ RunTime:0.0360s ]
INFO: [ app_end ] --START--
INFO: Run Behavior\ShowPageTraceBehavior [ RunTime:0.002000s ]
INFO: [ app_end ] --END-- [ RunTime:0.002000s ]

[ 2017-07-31T11:54:35+08:00 ] 127.0.0.1 /index.php/Admin/Email/getCount.html
INFO: [ app_begin ] --START--
INFO: Run Behavior\ReadHtmlCacheBehavior [ RunTime:0.001001s ]
INFO: [ app_begin ] --END-- [ RunTime:0.002001s ]
SQL: SHOW COLUMNS FROM `sp_email` [ RunTime:0.0140s ]
SQL: SELECT COUNT(*) AS tp_count FROM `sp_email` WHERE ( isread = 0 and to_id =8 ) LIMIT 1   [ RunTime:0.0010s ]
INFO: [ app_end ] --START--
INFO: Run Behavior\ShowPageTraceBehavior [ RunTime:0.002000s ]
INFO: [ app_end ] --END-- [ RunTime:0.002000s ]

[ 2017-07-31T11:54:40+08:00 ] 127.0.0.1 /index.php/Admin/Email/getCount.html
INFO: [ app_begin ] --START--
INFO: Run Behavior\ReadHtmlCacheBehavior [ RunTime:0.001000s ]
INFO: [ app_begin ] --END-- [ RunTime:0.002000s ]
SQL: SHOW COLUMNS FROM `sp_email` [ RunTime:0.0010s ]
SQL: SELECT COUNT(*) AS tp_count FROM `sp_email` WHERE ( isread = 0 and to_id =8 ) LIMIT 1   [ RunTime:0.0010s ]
INFO: [ app_end ] --START--
INFO: Run Behavior\ShowPageTraceBehavior [ RunTime:0.001000s ]
INFO: [ app_end ] --END-- [ RunTime:0.001000s ]

[ 2017-07-31T11:54:45+08:00 ] 127.0.0.1 /index.php/Admin/Email/getCount.html
INFO: [ app_begin ] --START--
INFO: Run Behavior\ReadHtmlCacheBehavior [ RunTime:0.000000s ]
INFO: [ app_begin ] --END-- [ RunTime:0.001000s ]
SQL: SHOW COLUMNS FROM `sp_email` [ RunTime:0.0010s ]
SQL: SELECT COUNT(*) AS tp_count FROM `sp_email` WHERE ( isread = 0 and to_id =8 ) LIMIT 1   [ RunTime:0.0010s ]
INFO: [ app_end ] --START--
INFO: Run Behavior\ShowPageTraceBehavior [ RunTime:0.001000s ]
INFO: [ app_end ] --END-- [ RunTime:0.002000s ]

[ 2017-07-31T11:54:50+08:00 ] 127.0.0.1 /index.php/Admin/Email/getCount.html
INFO: [ app_begin ] --START--
INFO: Run Behavior\ReadHtmlCacheBehavior [ RunTime:0.001000s ]
INFO: [ app_begin ] --END-- [ RunTime:0.002000s ]
SQL: SHOW COLUMNS FROM `sp_email` [ RunTime:0.0020s ]
SQL: SELECT COUNT(*) AS tp_count FROM `sp_email` WHERE ( isread = 0 and to_id =8 ) LIMIT 1   [ RunTime:0.0020s ]
INFO: [ app_end ] --START--
INFO: Run Behavior\ShowPageTraceBehavior [ RunTime:0.002001s ]
INFO: [ app_end ] --END-- [ RunTime:0.002001s ]

[ 2017-07-31T11:54:55+08:00 ] 127.0.0.1 /index.php/Admin/Email/getCount.html
INFO: [ app_begin ] --START--
INFO: Run Behavior\ReadHtmlCacheBehavior [ RunTime:0.001000s ]
INFO: [ app_begin ] --END-- [ RunTime:0.002000s ]
SQL: SHOW COLUMNS FROM `sp_email` [ RunTime:0.0120s ]
SQL: SELECT COUNT(*) AS tp_count FROM `sp_email` WHERE ( isread = 0 and to_id =8 ) LIMIT 1   [ RunTime:0.0020s ]
INFO: [ app_end ] --START--
INFO: Run Behavior\ShowPageTraceBehavior [ RunTime:0.002000s ]
INFO: [ app_end ] --END-- [ RunTime:0.002000s ]

[ 2017-07-31T11:55:00+08:00 ] 127.0.0.1 /index.php/Admin/Email/getCount.html
INFO: [ app_begin ] --START--
INFO: Run Behavior\ReadHtmlCacheBehavior [ RunTime:0.001000s ]
INFO: [ app_begin ] --END-- [ RunTime:0.002000s ]
SQL: SHOW COLUMNS FROM `sp_email` [ RunTime:0.0020s ]
SQL: SELECT COUNT(*) AS tp_count FROM `sp_email` WHERE ( isread = 0 and to_id =8 ) LIMIT 1   [ RunTime:0.0000s ]
INFO: [ app_end ] --START--
INFO: Run Behavior\ShowPageTraceBehavior [ RunTime:0.000000s ]
INFO: [ app_end ] --END-- [ RunTime:0.000000s ]

[ 2017-07-31T11:55:05+08:00 ] 127.0.0.1 /index.php/Admin/Email/getCount.html
INFO: [ app_begin ] --START--
INFO: Run Behavior\ReadHtmlCacheBehavior [ RunTime:0.001000s ]
INFO: [ app_begin ] --END-- [ RunTime:0.001000s ]
SQL: SHOW COLUMNS FROM `sp_email` [ RunTime:0.0560s ]
SQL: SELECT COUNT(*) AS tp_count FROM `sp_email` WHERE ( isread = 0 and to_id =8 ) LIMIT 1   [ RunTime:0.0020s ]
INFO: [ app_end ] --START--
INFO: Run Behavior\ShowPageTraceBehavior [ RunTime:0.002000s ]
INFO: [ app_end ] --END-- [ RunTime:0.003000s ]

[ 2017-07-31T11:55:10+08:00 ] 127.0.0.1 /index.php/Admin/Email/getCount.html
INFO: [ app_begin ] --START--
INFO: Run Behavior\ReadHtmlCacheBehavior [ RunTime:0.002000s ]
INFO: [ app_begin ] --END-- [ RunTime:0.003000s ]
SQL: SHOW COLUMNS FROM `sp_email` [ RunTime:0.0020s ]
SQL: SELECT COUNT(*) AS tp_count FROM `sp_email` WHERE ( isread = 0 and to_id =8 ) LIMIT 1   [ RunTime:0.0020s ]
INFO: [ app_end ] --START--
INFO: Run Behavior\ShowPageTraceBehavior [ RunTime:0.001000s ]
INFO: [ app_end ] --END-- [ RunTime:0.001000s ]

[ 2017-07-31T11:55:15+08:00 ] 127.0.0.1 /index.php/Admin/Email/getCount.html
INFO: [ app_begin ] --START--
INFO: Run Behavior\ReadHtmlCacheBehavior [ RunTime:0.001000s ]
INFO: [ app_begin ] --END-- [ RunTime:0.002000s ]
SQL: SHOW COLUMNS FROM `sp_email` [ RunTime:0.0010s ]
SQL: SELECT COUNT(*) AS tp_count FROM `sp_email` WHERE ( isread = 0 and to_id =8 ) LIMIT 1   [ RunTime:0.0000s ]
INFO: [ app_end ] --START--
INFO: Run Behavior\ShowPageTraceBehavior [ RunTime:0.001000s ]
INFO: [ app_end ] --END-- [ RunTime:0.001000s ]

[ 2017-07-31T11:55:20+08:00 ] 127.0.0.1 /index.php/Admin/Email/getCount.html
INFO: [ app_begin ] --START--
INFO: Run Behavior\ReadHtmlCacheBehavior [ RunTime:0.001000s ]
INFO: [ app_begin ] --END-- [ RunTime:0.002000s ]
SQL: SHOW COLUMNS FROM `sp_email` [ RunTime:0.0020s ]
SQL: SELECT COUNT(*) AS tp_count FROM `sp_email` WHERE ( isread = 0 and to_id =8 ) LIMIT 1   [ RunTime:0.0020s ]
INFO: [ app_end ] --START--
INFO: Run Behavior\ShowPageTraceBehavior [ RunTime:0.002000s ]
INFO: [ app_end ] --END-- [ RunTime:0.004001s ]

[ 2017-07-31T11:55:25+08:00 ] 127.0.0.1 /index.php/Admin/Email/getCount.html
INFO: [ app_begin ] --START--
INFO: Run Behavior\ReadHtmlCacheBehavior [ RunTime:0.001000s ]
INFO: [ app_begin ] --END-- [ RunTime:0.001000s ]
SQL: SHOW COLUMNS FROM `sp_email` [ RunTime:0.0010s ]
SQL: SELECT COUNT(*) AS tp_count FROM `sp_email` WHERE ( isread = 0 and to_id =8 ) LIMIT 1   [ RunTime:0.0010s ]
INFO: [ app_end ] --START--
INFO: Run Behavior\ShowPageTraceBehavior [ RunTime:0.000000s ]
INFO: [ app_end ] --END-- [ RunTime:0.000000s ]

[ 2017-07-31T11:55:30+08:00 ] 127.0.0.1 /index.php/Admin/Email/getCount.html
INFO: [ app_begin ] --START--
INFO: Run Behavior\ReadHtmlCacheBehavior [ RunTime:0.001000s ]
INFO: [ app_begin ] --END-- [ RunTime:0.002000s ]
SQL: SHOW COLUMNS FROM `sp_email` [ RunTime:0.0010s ]
SQL: SELECT COUNT(*) AS tp_count FROM `sp_email` WHERE ( isread = 0 and to_id =8 ) LIMIT 1   [ RunTime:0.0010s ]
INFO: [ app_end ] --START--
INFO: Run Behavior\ShowPageTraceBehavior [ RunTime:0.001000s ]
INFO: [ app_end ] --END-- [ RunTime:0.001000s ]

[ 2017-07-31T11:55:35+08:00 ] 127.0.0.1 /index.php/Admin/Email/getCount.html
INFO: [ app_begin ] --START--
INFO: Run Behavior\ReadHtmlCacheBehavior [ RunTime:0.001000s ]
INFO: [ app_begin ] --END-- [ RunTime:0.001000s ]
SQL: SHOW COLUMNS FROM `sp_email` [ RunTime:0.0010s ]
SQL: SELECT COUNT(*) AS tp_count FROM `sp_email` WHERE ( isread = 0 and to_id =8 ) LIMIT 1   [ RunTime:0.0000s ]
INFO: [ app_end ] --START--
INFO: Run Behavior\ShowPageTraceBehavior [ RunTime:0.001000s ]
INFO: [ app_end ] --END-- [ RunTime:0.001000s ]

[ 2017-07-31T11:55:40+08:00 ] 127.0.0.1 /index.php/Admin/Email/getCount.html
INFO: [ app_begin ] --START--
INFO: Run Behavior\ReadHtmlCacheBehavior [ RunTime:0.001000s ]
INFO: [ app_begin ] --END-- [ RunTime:0.001000s ]
SQL: SHOW COLUMNS FROM `sp_email` [ RunTime:0.0130s ]
SQL: SELECT COUNT(*) AS tp_count FROM `sp_email` WHERE ( isread = 0 and to_id =8 ) LIMIT 1   [ RunTime:0.0000s ]
INFO: [ app_end ] --START--
INFO: Run Behavior\ShowPageTraceBehavior [ RunTime:0.001000s ]
INFO: [ app_end ] --END-- [ RunTime:0.001000s ]

[ 2017-07-31T11:55:45+08:00 ] 127.0.0.1 /index.php/Admin/Email/getCount.html
INFO: [ app_begin ] --START--
INFO: Run Behavior\ReadHtmlCacheBehavior [ RunTime:0.001000s ]
INFO: [ app_begin ] --END-- [ RunTime:0.001000s ]
SQL: SHOW COLUMNS FROM `sp_email` [ RunTime:0.0010s ]
SQL: SELECT COUNT(*) AS tp_count FROM `sp_email` WHERE ( isread = 0 and to_id =8 ) LIMIT 1   [ RunTime:0.0010s ]
INFO: [ app_end ] --START--
INFO: Run Behavior\ShowPageTraceBehavior [ RunTime:0.001000s ]
INFO: [ app_end ] --END-- [ RunTime:0.001000s ]

[ 2017-07-31T11:55:50+08:00 ] 127.0.0.1 /index.php/Admin/Email/getCount.html
INFO: [ app_begin ] --START--
INFO: Run Behavior\ReadHtmlCacheBehavior [ RunTime:0.001001s ]
INFO: [ app_begin ] --END-- [ RunTime:0.001001s ]
SQL: SHOW COLUMNS FROM `sp_email` [ RunTime:0.0060s ]
SQL: SELECT COUNT(*) AS tp_count FROM `sp_email` WHERE ( isread = 0 and to_id =8 ) LIMIT 1   [ RunTime:0.0020s ]
INFO: [ app_end ] --START--
INFO: Run Behavior\ShowPageTraceBehavior [ RunTime:0.001000s ]
INFO: [ app_end ] --END-- [ RunTime:0.001000s ]

[ 2017-07-31T11:55:55+08:00 ] 127.0.0.1 /index.php/Admin/Email/getCount.html
INFO: [ app_begin ] --START--
INFO: Run Behavior\ReadHtmlCacheBehavior [ RunTime:0.001000s ]
INFO: [ app_begin ] --END-- [ RunTime:0.004000s ]
SQL: SHOW COLUMNS FROM `sp_email` [ RunTime:0.0010s ]
SQL: SELECT COUNT(*) AS tp_count FROM `sp_email` WHERE ( isread = 0 and to_id =8 ) LIMIT 1   [ RunTime:0.0010s ]
INFO: [ app_end ] --START--
INFO: Run Behavior\ShowPageTraceBehavior [ RunTime:0.000000s ]
INFO: [ app_end ] --END-- [ RunTime:0.000000s ]

[ 2017-07-31T11:56:00+08:00 ] 127.0.0.1 /index.php/Admin/Email/getCount.html
INFO: [ app_begin ] --START--
INFO: Run Behavior\ReadHtmlCacheBehavior [ RunTime:0.001000s ]
INFO: [ app_begin ] --END-- [ RunTime:0.002000s ]
SQL: SHOW COLUMNS FROM `sp_email` [ RunTime:0.0020s ]
SQL: SELECT COUNT(*) AS tp_count FROM `sp_email` WHERE ( isread = 0 and to_id =8 ) LIMIT 1   [ RunTime:0.0010s ]
INFO: [ app_end ] --START--
INFO: Run Behavior\ShowPageTraceBehavior [ RunTime:0.001000s ]
INFO: [ app_end ] --END-- [ RunTime:0.001000s ]

[ 2017-07-31T11:56:05+08:00 ] 127.0.0.1 /index.php/Admin/Email/getCount.html
INFO: [ app_begin ] --START--
INFO: Run Behavior\ReadHtmlCacheBehavior [ RunTime:0.001000s ]
INFO: [ app_begin ] --END-- [ RunTime:0.002000s ]
SQL: SHOW COLUMNS FROM `sp_email` [ RunTime:0.0010s ]
SQL: SELECT COUNT(*) AS tp_count FROM `sp_email` WHERE ( isread = 0 and to_id =8 ) LIMIT 1   [ RunTime:0.0000s ]
INFO: [ app_end ] --START--
INFO: Run Behavior\ShowPageTraceBehavior [ RunTime:0.001000s ]
INFO: [ app_end ] --END-- [ RunTime:0.001000s ]

[ 2017-07-31T11:56:10+08:00 ] 127.0.0.1 /index.php/Admin/Email/getCount.html
INFO: [ app_begin ] --START--
INFO: Run Behavior\ReadHtmlCacheBehavior [ RunTime:0.001000s ]
INFO: [ app_begin ] --END-- [ RunTime:0.001000s ]
SQL: SHOW COLUMNS FROM `sp_email` [ RunTime:0.0030s ]
SQL: SELECT COUNT(*) AS tp_count FROM `sp_email` WHERE ( isread = 0 and to_id =8 ) LIMIT 1   [ RunTime:0.0020s ]
INFO: [ app_end ] --START--
INFO: Run Behavior\ShowPageTraceBehavior [ RunTime:0.001000s ]
INFO: [ app_end ] --END-- [ RunTime:0.001000s ]

[ 2017-07-31T11:56:15+08:00 ] 127.0.0.1 /index.php/Admin/Email/getCount.html
INFO: [ app_begin ] --START--
INFO: Run Behavior\ReadHtmlCacheBehavior [ RunTime:0.001000s ]
INFO: [ app_begin ] --END-- [ RunTime:0.001000s ]
SQL: SHOW COLUMNS FROM `sp_email` [ RunTime:0.0020s ]
SQL: SELECT COUNT(*) AS tp_count FROM `sp_email` WHERE ( isread = 0 and to_id =8 ) LIMIT 1   [ RunTime:0.0000s ]
INFO: [ app_end ] --START--
INFO: Run Behavior\ShowPageTraceBehavior [ RunTime:0.001000s ]
INFO: [ app_end ] --END-- [ RunTime:0.001000s ]

[ 2017-07-31T11:56:20+08:00 ] 127.0.0.1 /index.php/Admin/Email/getCount.html
INFO: [ app_begin ] --START--
INFO: Run Behavior\ReadHtmlCacheBehavior [ RunTime:0.001000s ]
INFO: [ app_begin ] --END-- [ RunTime:0.001000s ]
SQL: SHOW COLUMNS FROM `sp_email` [ RunTime:0.0010s ]
SQL: SELECT COUNT(*) AS tp_count FROM `sp_email` WHERE ( isread = 0 and to_id =8 ) LIMIT 1   [ RunTime:0.0000s ]
INFO: [ app_end ] --START--
INFO: Run Behavior\ShowPageTraceBehavior [ RunTime:0.000000s ]
INFO: [ app_end ] --END-- [ RunTime:0.000000s ]

[ 2017-07-31T11:56:25+08:00 ] 127.0.0.1 /index.php/Admin/Email/getCount.html
INFO: [ app_begin ] --START--
INFO: Run Behavior\ReadHtmlCacheBehavior [ RunTime:0.001000s ]
INFO: [ app_begin ] --END-- [ RunTime:0.002000s ]
SQL: SHOW COLUMNS FROM `sp_email` [ RunTime:0.0120s ]
SQL: SELECT COUNT(*) AS tp_count FROM `sp_email` WHERE ( isread = 0 and to_id =8 ) LIMIT 1   [ RunTime:0.0010s ]
INFO: [ app_end ] --START--
INFO: Run Behavior\ShowPageTraceBehavior [ RunTime:0.001000s ]
INFO: [ app_end ] --END-- [ RunTime:0.001000s ]

[ 2017-07-31T11:56:30+08:00 ] 127.0.0.1 /index.php/Admin/Email/getCount.html
INFO: [ app_begin ] --START--
INFO: Run Behavior\ReadHtmlCacheBehavior [ RunTime:0.001000s ]
INFO: [ app_begin ] --END-- [ RunTime:0.003000s ]
SQL: SHOW COLUMNS FROM `sp_email` [ RunTime:0.0040s ]
SQL: SELECT COUNT(*) AS tp_count FROM `sp_email` WHERE ( isread = 0 and to_id =8 ) LIMIT 1   [ RunTime:0.0010s ]
INFO: [ app_end ] --START--
INFO: Run Behavior\ShowPageTraceBehavior [ RunTime:0.002000s ]
INFO: [ app_end ] --END-- [ RunTime:0.002000s ]

[ 2017-07-31T11:56:35+08:00 ] 127.0.0.1 /index.php/Admin/Email/getCount.html
INFO: [ app_begin ] --START--
INFO: Run Behavior\ReadHtmlCacheBehavior [ RunTime:0.001000s ]
INFO: [ app_begin ] --END-- [ RunTime:0.002000s ]
SQL: SHOW COLUMNS FROM `sp_email` [ RunTime:0.0030s ]
SQL: SELECT COUNT(*) AS tp_count FROM `sp_email` WHERE ( isread = 0 and to_id =8 ) LIMIT 1   [ RunTime:0.0030s ]
INFO: [ app_end ] --START--
INFO: Run Behavior\ShowPageTraceBehavior [ RunTime:0.001000s ]
INFO: [ app_end ] --END-- [ RunTime:0.001000s ]

[ 2017-07-31T11:56:40+08:00 ] 127.0.0.1 /index.php/Admin/Email/getCount.html
INFO: [ app_begin ] --START--
INFO: Run Behavior\ReadHtmlCacheBehavior [ RunTime:0.000000s ]
INFO: [ app_begin ] --END-- [ RunTime:0.002001s ]
SQL: SHOW COLUMNS FROM `sp_email` [ RunTime:0.0010s ]
SQL: SELECT COUNT(*) AS tp_count FROM `sp_email` WHERE ( isread = 0 and to_id =8 ) LIMIT 1   [ RunTime:0.0010s ]
INFO: [ app_end ] --START--
INFO: Run Behavior\ShowPageTraceBehavior [ RunTime:0.000000s ]
INFO: [ app_end ] --END-- [ RunTime:0.000000s ]

[ 2017-07-31T11:56:45+08:00 ] 127.0.0.1 /index.php/Admin/Email/getCount.html
INFO: [ app_begin ] --START--
INFO: Run Behavior\ReadHtmlCacheBehavior [ RunTime:0.001000s ]
INFO: [ app_begin ] --END-- [ RunTime:0.001000s ]
SQL: SHOW COLUMNS FROM `sp_email` [ RunTime:0.0010s ]
SQL: SELECT COUNT(*) AS tp_count FROM `sp_email` WHERE ( isread = 0 and to_id =8 ) LIMIT 1   [ RunTime:0.0000s ]
INFO: [ app_end ] --START--
INFO: Run Behavior\ShowPageTraceBehavior [ RunTime:0.001000s ]
INFO: [ app_end ] --END-- [ RunTime:0.001000s ]

[ 2017-07-31T11:56:50+08:00 ] 127.0.0.1 /index.php/Admin/Email/getCount.html
INFO: [ app_begin ] --START--
INFO: Run Behavior\ReadHtmlCacheBehavior [ RunTime:0.001000s ]
INFO: [ app_begin ] --END-- [ RunTime:0.002000s ]
SQL: SHOW COLUMNS FROM `sp_email` [ RunTime:0.0020s ]
SQL: SELECT COUNT(*) AS tp_count FROM `sp_email` WHERE ( isread = 0 and to_id =8 ) LIMIT 1   [ RunTime:0.0010s ]
INFO: [ app_end ] --START--
INFO: Run Behavior\ShowPageTraceBehavior [ RunTime:0.000000s ]
INFO: [ app_end ] --END-- [ RunTime:0.001000s ]

[ 2017-07-31T11:56:55+08:00 ] 127.0.0.1 /index.php/Admin/Email/getCount.html
INFO: [ app_begin ] --START--
INFO: Run Behavior\ReadHtmlCacheBehavior [ RunTime:0.002000s ]
INFO: [ app_begin ] --END-- [ RunTime:0.003001s ]
SQL: SHOW COLUMNS FROM `sp_email` [ RunTime:0.0010s ]
SQL: SELECT COUNT(*) AS tp_count FROM `sp_email` WHERE ( isread = 0 and to_id =8 ) LIMIT 1   [ RunTime:0.0010s ]
INFO: [ app_end ] --START--
INFO: Run Behavior\ShowPageTraceBehavior [ RunTime:0.002000s ]
INFO: [ app_end ] --END-- [ RunTime:0.002000s ]

[ 2017-07-31T11:57:00+08:00 ] 127.0.0.1 /index.php/Admin/Email/getCount.html
INFO: [ app_begin ] --START--
INFO: Run Behavior\ReadHtmlCacheBehavior [ RunTime:0.001000s ]
INFO: [ app_begin ] --END-- [ RunTime:0.002000s ]
SQL: SHOW COLUMNS FROM `sp_email` [ RunTime:0.0020s ]
SQL: SELECT COUNT(*) AS tp_count FROM `sp_email` WHERE ( isread = 0 and to_id =8 ) LIMIT 1   [ RunTime:0.0010s ]
INFO: [ app_end ] --START--
INFO: Run Behavior\ShowPageTraceBehavior [ RunTime:0.002000s ]
INFO: [ app_end ] --END-- [ RunTime:0.003001s ]

[ 2017-07-31T11:57:05+08:00 ] 127.0.0.1 /index.php/Admin/Email/getCount.html
INFO: [ app_begin ] --START--
INFO: Run Behavior\ReadHtmlCacheBehavior [ RunTime:0.001000s ]
INFO: [ app_begin ] --END-- [ RunTime:0.002000s ]
SQL: SHOW COLUMNS FROM `sp_email` [ RunTime:0.0010s ]
SQL: SELECT COUNT(*) AS tp_count FROM `sp_email` WHERE ( isread = 0 and to_id =8 ) LIMIT 1   [ RunTime:0.0010s ]
INFO: [ app_end ] --START--
INFO: Run Behavior\ShowPageTraceBehavior [ RunTime:0.001000s ]
INFO: [ app_end ] --END-- [ RunTime:0.001000s ]

[ 2017-07-31T11:57:10+08:00 ] 127.0.0.1 /index.php/Admin/Email/getCount.html
INFO: [ app_begin ] --START--
INFO: Run Behavior\ReadHtmlCacheBehavior [ RunTime:0.001000s ]
INFO: [ app_begin ] --END-- [ RunTime:0.002000s ]
SQL: SHOW COLUMNS FROM `sp_email` [ RunTime:0.0010s ]
SQL: SELECT COUNT(*) AS tp_count FROM `sp_email` WHERE ( isread = 0 and to_id =8 ) LIMIT 1   [ RunTime:0.0010s ]
INFO: [ app_end ] --START--
INFO: Run Behavior\ShowPageTraceBehavior [ RunTime:0.001000s ]
INFO: [ app_end ] --END-- [ RunTime:0.001000s ]

[ 2017-07-31T11:57:15+08:00 ] 127.0.0.1 /index.php/Admin/Email/getCount.html
INFO: [ app_begin ] --START--
INFO: Run Behavior\ReadHtmlCacheBehavior [ RunTime:0.000000s ]
INFO: [ app_begin ] --END-- [ RunTime:0.001000s ]
SQL: SHOW COLUMNS FROM `sp_email` [ RunTime:0.0010s ]
SQL: SELECT COUNT(*) AS tp_count FROM `sp_email` WHERE ( isread = 0 and to_id =8 ) LIMIT 1   [ RunTime:0.0000s ]
INFO: [ app_end ] --START--
INFO: Run Behavior\ShowPageTraceBehavior [ RunTime:0.001000s ]
INFO: [ app_end ] --END-- [ RunTime:0.001000s ]

[ 2017-07-31T11:57:20+08:00 ] 127.0.0.1 /index.php/Admin/Email/getCount.html
INFO: [ app_begin ] --START--
INFO: Run Behavior\ReadHtmlCacheBehavior [ RunTime:0.000000s ]
INFO: [ app_begin ] --END-- [ RunTime:0.001000s ]
SQL: SHOW COLUMNS FROM `sp_email` [ RunTime:0.0020s ]
SQL: SELECT COUNT(*) AS tp_count FROM `sp_email` WHERE ( isread = 0 and to_id =8 ) LIMIT 1   [ RunTime:0.0010s ]
INFO: [ app_end ] --START--
INFO: Run Behavior\ShowPageTraceBehavior [ RunTime:0.002000s ]
INFO: [ app_end ] --END-- [ RunTime:0.002000s ]

[ 2017-07-31T11:57:25+08:00 ] 127.0.0.1 /index.php/Admin/Email/getCount.html
INFO: [ app_begin ] --START--
INFO: Run Behavior\ReadHtmlCacheBehavior [ RunTime:0.002000s ]
INFO: [ app_begin ] --END-- [ RunTime:0.004000s ]
SQL: SHOW COLUMNS FROM `sp_email` [ RunTime:0.0010s ]
SQL: SELECT COUNT(*) AS tp_count FROM `sp_email` WHERE ( isread = 0 and to_id =8 ) LIMIT 1   [ RunTime:0.0000s ]
INFO: [ app_end ] --START--
INFO: Run Behavior\ShowPageTraceBehavior [ RunTime:0.001000s ]
INFO: [ app_end ] --END-- [ RunTime:0.001000s ]

[ 2017-07-31T11:57:30+08:00 ] 127.0.0.1 /index.php/Admin/Email/getCount.html
INFO: [ app_begin ] --START--
INFO: Run Behavior\ReadHtmlCacheBehavior [ RunTime:0.001000s ]
INFO: [ app_begin ] --END-- [ RunTime:0.001000s ]
SQL: SHOW COLUMNS FROM `sp_email` [ RunTime:0.0010s ]
SQL: SELECT COUNT(*) AS tp_count FROM `sp_email` WHERE ( isread = 0 and to_id =8 ) LIMIT 1   [ RunTime:0.0010s ]
INFO: [ app_end ] --START--
INFO: Run Behavior\ShowPageTraceBehavior [ RunTime:0.002000s ]
INFO: [ app_end ] --END-- [ RunTime:0.002000s ]

[ 2017-07-31T11:57:35+08:00 ] 127.0.0.1 /index.php/Admin/Email/getCount.html
INFO: [ app_begin ] --START--
INFO: Run Behavior\ReadHtmlCacheBehavior [ RunTime:0.000000s ]
INFO: [ app_begin ] --END-- [ RunTime:0.002000s ]
SQL: SHOW COLUMNS FROM `sp_email` [ RunTime:0.0010s ]
SQL: SELECT COUNT(*) AS tp_count FROM `sp_email` WHERE ( isread = 0 and to_id =8 ) LIMIT 1   [ RunTime:0.0010s ]
INFO: [ app_end ] --START--
INFO: Run Behavior\ShowPageTraceBehavior [ RunTime:0.002000s ]
INFO: [ app_end ] --END-- [ RunTime:0.002000s ]

[ 2017-07-31T11:57:40+08:00 ] 127.0.0.1 /index.php/Admin/Email/getCount.html
INFO: [ app_begin ] --START--
INFO: Run Behavior\ReadHtmlCacheBehavior [ RunTime:0.001000s ]
INFO: [ app_begin ] --END-- [ RunTime:0.003001s ]
SQL: SHOW COLUMNS FROM `sp_email` [ RunTime:0.0010s ]
SQL: SELECT COUNT(*) AS tp_count FROM `sp_email` WHERE ( isread = 0 and to_id =8 ) LIMIT 1   [ RunTime:0.0000s ]
INFO: [ app_end ] --START--
INFO: Run Behavior\ShowPageTraceBehavior [ RunTime:0.001000s ]
INFO: [ app_end ] --END-- [ RunTime:0.001000s ]

[ 2017-07-31T11:57:45+08:00 ] 127.0.0.1 /index.php/Admin/Email/getCount.html
INFO: [ app_begin ] --START--
INFO: Run Behavior\ReadHtmlCacheBehavior [ RunTime:0.001000s ]
INFO: [ app_begin ] --END-- [ RunTime:0.001000s ]
SQL: SHOW COLUMNS FROM `sp_email` [ RunTime:0.0010s ]
SQL: SELECT COUNT(*) AS tp_count FROM `sp_email` WHERE ( isread = 0 and to_id =8 ) LIMIT 1   [ RunTime:0.0000s ]
INFO: [ app_end ] --START--
INFO: Run Behavior\ShowPageTraceBehavior [ RunTime:0.000000s ]
INFO: [ app_end ] --END-- [ RunTime:0.000000s ]

[ 2017-07-31T11:57:50+08:00 ] 127.0.0.1 /index.php/Admin/Email/getCount.html
INFO: [ app_begin ] --START--
INFO: Run Behavior\ReadHtmlCacheBehavior [ RunTime:0.001000s ]
INFO: [ app_begin ] --END-- [ RunTime:0.001000s ]
SQL: SHOW COLUMNS FROM `sp_email` [ RunTime:0.0010s ]
SQL: SELECT COUNT(*) AS tp_count FROM `sp_email` WHERE ( isread = 0 and to_id =8 ) LIMIT 1   [ RunTime:0.0000s ]
INFO: [ app_end ] --START--
INFO: Run Behavior\ShowPageTraceBehavior [ RunTime:0.001000s ]
INFO: [ app_end ] --END-- [ RunTime:0.001000s ]

[ 2017-07-31T11:57:55+08:00 ] 127.0.0.1 /index.php/Admin/Email/getCount.html
INFO: [ app_begin ] --START--
INFO: Run Behavior\ReadHtmlCacheBehavior [ RunTime:0.000000s ]
INFO: [ app_begin ] --END-- [ RunTime:0.000000s ]
SQL: SHOW COLUMNS FROM `sp_email` [ RunTime:0.0010s ]
SQL: SELECT COUNT(*) AS tp_count FROM `sp_email` WHERE ( isread = 0 and to_id =8 ) LIMIT 1   [ RunTime:0.0000s ]
INFO: [ app_end ] --START--
INFO: Run Behavior\ShowPageTraceBehavior [ RunTime:0.000000s ]
INFO: [ app_end ] --END-- [ RunTime:0.000000s ]

[ 2017-07-31T11:58:00+08:00 ] 127.0.0.1 /index.php/Admin/Email/getCount.html
INFO: [ app_begin ] --START--
INFO: Run Behavior\ReadHtmlCacheBehavior [ RunTime:0.000000s ]
INFO: [ app_begin ] --END-- [ RunTime:0.001000s ]
SQL: SHOW COLUMNS FROM `sp_email` [ RunTime:0.0020s ]
SQL: SELECT COUNT(*) AS tp_count FROM `sp_email` WHERE ( isread = 0 and to_id =8 ) LIMIT 1   [ RunTime:0.0000s ]
INFO: [ app_end ] --START--
INFO: Run Behavior\ShowPageTraceBehavior [ RunTime:0.000000s ]
INFO: [ app_end ] --END-- [ RunTime:0.001000s ]

[ 2017-07-31T11:58:05+08:00 ] 127.0.0.1 /index.php/Admin/Email/getCount.html
INFO: [ app_begin ] --START--
INFO: Run Behavior\ReadHtmlCacheBehavior [ RunTime:0.001000s ]
INFO: [ app_begin ] --END-- [ RunTime:0.002000s ]
SQL: SHOW COLUMNS FROM `sp_email` [ RunTime:0.0010s ]
SQL: SELECT COUNT(*) AS tp_count FROM `sp_email` WHERE ( isread = 0 and to_id =8 ) LIMIT 1   [ RunTime:0.0010s ]
INFO: [ app_end ] --START--
INFO: Run Behavior\ShowPageTraceBehavior [ RunTime:0.001000s ]
INFO: [ app_end ] --END-- [ RunTime:0.002000s ]

[ 2017-07-31T11:58:10+08:00 ] 127.0.0.1 /index.php/Admin/Email/getCount.html
INFO: [ app_begin ] --START--
INFO: Run Behavior\ReadHtmlCacheBehavior [ RunTime:0.001000s ]
INFO: [ app_begin ] --END-- [ RunTime:0.002001s ]
SQL: SHOW COLUMNS FROM `sp_email` [ RunTime:0.0010s ]
SQL: SELECT COUNT(*) AS tp_count FROM `sp_email` WHERE ( isread = 0 and to_id =8 ) LIMIT 1   [ RunTime:0.0010s ]
INFO: [ app_end ] --START--
INFO: Run Behavior\ShowPageTraceBehavior [ RunTime:0.002000s ]
INFO: [ app_end ] --END-- [ RunTime:0.002000s ]

[ 2017-07-31T11:58:15+08:00 ] 127.0.0.1 /index.php/Admin/Email/getCount.html
INFO: [ app_begin ] --START--
INFO: Run Behavior\ReadHtmlCacheBehavior [ RunTime:0.000000s ]
INFO: [ app_begin ] --END-- [ RunTime:0.001000s ]
SQL: SHOW COLUMNS FROM `sp_email` [ RunTime:0.0010s ]
SQL: SELECT COUNT(*) AS tp_count FROM `sp_email` WHERE ( isread = 0 and to_id =8 ) LIMIT 1   [ RunTime:0.0010s ]
INFO: [ app_end ] --START--
INFO: Run Behavior\ShowPageTraceBehavior [ RunTime:0.002000s ]
INFO: [ app_end ] --END-- [ RunTime:0.002000s ]

[ 2017-07-31T11:58:20+08:00 ] 127.0.0.1 /index.php/Admin/Email/getCount.html
INFO: [ app_begin ] --START--
INFO: Run Behavior\ReadHtmlCacheBehavior [ RunTime:0.001000s ]
INFO: [ app_begin ] --END-- [ RunTime:0.002000s ]
SQL: SHOW COLUMNS FROM `sp_email` [ RunTime:0.0130s ]
SQL: SELECT COUNT(*) AS tp_count FROM `sp_email` WHERE ( isread = 0 and to_id =8 ) LIMIT 1   [ RunTime:0.0000s ]
INFO: [ app_end ] --START--
INFO: Run Behavior\ShowPageTraceBehavior [ RunTime:0.000000s ]
INFO: [ app_end ] --END-- [ RunTime:0.000000s ]

[ 2017-07-31T11:58:25+08:00 ] 127.0.0.1 /index.php/Admin/Email/getCount.html
INFO: [ app_begin ] --START--
INFO: Run Behavior\ReadHtmlCacheBehavior [ RunTime:0.001001s ]
INFO: [ app_begin ] --END-- [ RunTime:0.002001s ]
SQL: SHOW COLUMNS FROM `sp_email` [ RunTime:0.0010s ]
SQL: SELECT COUNT(*) AS tp_count FROM `sp_email` WHERE ( isread = 0 and to_id =8 ) LIMIT 1   [ RunTime:0.0010s ]
INFO: [ app_end ] --START--
INFO: Run Behavior\ShowPageTraceBehavior [ RunTime:0.001000s ]
INFO: [ app_end ] --END-- [ RunTime:0.001000s ]

[ 2017-07-31T11:58:30+08:00 ] 127.0.0.1 /index.php/Admin/Email/getCount.html
INFO: [ app_begin ] --START--
INFO: Run Behavior\ReadHtmlCacheBehavior [ RunTime:0.001000s ]
INFO: [ app_begin ] --END-- [ RunTime:0.002000s ]
SQL: SHOW COLUMNS FROM `sp_email` [ RunTime:0.0010s ]
SQL: SELECT COUNT(*) AS tp_count FROM `sp_email` WHERE ( isread = 0 and to_id =8 ) LIMIT 1   [ RunTime:0.0010s ]
INFO: [ app_end ] --START--
INFO: Run Behavior\ShowPageTraceBehavior [ RunTime:0.001000s ]
INFO: [ app_end ] --END-- [ RunTime:0.001000s ]

[ 2017-07-31T11:58:35+08:00 ] 127.0.0.1 /index.php/Admin/Email/getCount.html
INFO: [ app_begin ] --START--
INFO: Run Behavior\ReadHtmlCacheBehavior [ RunTime:0.001000s ]
INFO: [ app_begin ] --END-- [ RunTime:0.002000s ]
SQL: SHOW COLUMNS FROM `sp_email` [ RunTime:0.0010s ]
SQL: SELECT COUNT(*) AS tp_count FROM `sp_email` WHERE ( isread = 0 and to_id =8 ) LIMIT 1   [ RunTime:0.0020s ]
INFO: [ app_end ] --START--
INFO: Run Behavior\ShowPageTraceBehavior [ RunTime:0.002000s ]
INFO: [ app_end ] --END-- [ RunTime:0.002000s ]

[ 2017-07-31T11:58:40+08:00 ] 127.0.0.1 /index.php/Admin/Email/getCount.html
INFO: [ app_begin ] --START--
INFO: Run Behavior\ReadHtmlCacheBehavior [ RunTime:0.001000s ]
INFO: [ app_begin ] --END-- [ RunTime:0.002000s ]
SQL: SHOW COLUMNS FROM `sp_email` [ RunTime:0.0010s ]
SQL: SELECT COUNT(*) AS tp_count FROM `sp_email` WHERE ( isread = 0 and to_id =8 ) LIMIT 1   [ RunTime:0.0010s ]
INFO: [ app_end ] --START--
INFO: Run Behavior\ShowPageTraceBehavior [ RunTime:0.001000s ]
INFO: [ app_end ] --END-- [ RunTime:0.001000s ]

[ 2017-07-31T11:58:45+08:00 ] 127.0.0.1 /index.php/Admin/Email/getCount.html
INFO: [ app_begin ] --START--
INFO: Run Behavior\ReadHtmlCacheBehavior [ RunTime:0.000000s ]
INFO: [ app_begin ] --END-- [ RunTime:0.002001s ]
SQL: SHOW COLUMNS FROM `sp_email` [ RunTime:0.0120s ]
SQL: SELECT COUNT(*) AS tp_count FROM `sp_email` WHERE ( isread = 0 and to_id =8 ) LIMIT 1   [ RunTime:0.0000s ]
INFO: [ app_end ] --START--
INFO: Run Behavior\ShowPageTraceBehavior [ RunTime:0.000000s ]
INFO: [ app_end ] --END-- [ RunTime:0.001000s ]

[ 2017-07-31T11:58:50+08:00 ] 127.0.0.1 /index.php/Admin/Email/getCount.html
INFO: [ app_begin ] --START--
INFO: Run Behavior\ReadHtmlCacheBehavior [ RunTime:0.001000s ]
INFO: [ app_begin ] --END-- [ RunTime:0.001000s ]
SQL: SHOW COLUMNS FROM `sp_email` [ RunTime:0.0010s ]
SQL: SELECT COUNT(*) AS tp_count FROM `sp_email` WHERE ( isread = 0 and to_id =8 ) LIMIT 1   [ RunTime:0.0010s ]
INFO: [ app_end ] --START--
INFO: Run Behavior\ShowPageTraceBehavior [ RunTime:0.001000s ]
INFO: [ app_end ] --END-- [ RunTime:0.001000s ]

[ 2017-07-31T11:58:55+08:00 ] 127.0.0.1 /index.php/Admin/Email/getCount.html
INFO: [ app_begin ] --START--
INFO: Run Behavior\ReadHtmlCacheBehavior [ RunTime:0.000000s ]
INFO: [ app_begin ] --END-- [ RunTime:0.001000s ]
SQL: SHOW COLUMNS FROM `sp_email` [ RunTime:0.0010s ]
SQL: SELECT COUNT(*) AS tp_count FROM `sp_email` WHERE ( isread = 0 and to_id =8 ) LIMIT 1   [ RunTime:0.0010s ]
INFO: [ app_end ] --START--
INFO: Run Behavior\ShowPageTraceBehavior [ RunTime:0.000000s ]
INFO: [ app_end ] --END-- [ RunTime:0.000000s ]

[ 2017-07-31T11:59:00+08:00 ] 127.0.0.1 /index.php/Admin/Email/getCount.html
INFO: [ app_begin ] --START--
INFO: Run Behavior\ReadHtmlCacheBehavior [ RunTime:0.001000s ]
INFO: [ app_begin ] --END-- [ RunTime:0.004001s ]
SQL: SHOW COLUMNS FROM `sp_email` [ RunTime:0.0010s ]
SQL: SELECT COUNT(*) AS tp_count FROM `sp_email` WHERE ( isread = 0 and to_id =8 ) LIMIT 1   [ RunTime:0.0010s ]
INFO: [ app_end ] --START--
INFO: Run Behavior\ShowPageTraceBehavior [ RunTime:0.001000s ]
INFO: [ app_end ] --END-- [ RunTime:0.001000s ]

[ 2017-07-31T11:59:05+08:00 ] 127.0.0.1 /index.php/Admin/Email/getCount.html
INFO: [ app_begin ] --START--
INFO: Run Behavior\ReadHtmlCacheBehavior [ RunTime:0.001000s ]
INFO: [ app_begin ] --END-- [ RunTime:0.002000s ]
SQL: SHOW COLUMNS FROM `sp_email` [ RunTime:0.0010s ]
SQL: SELECT COUNT(*) AS tp_count FROM `sp_email` WHERE ( isread = 0 and to_id =8 ) LIMIT 1   [ RunTime:0.0010s ]
INFO: [ app_end ] --START--
INFO: Run Behavior\ShowPageTraceBehavior [ RunTime:0.001000s ]
INFO: [ app_end ] --END-- [ RunTime:0.001000s ]

[ 2017-07-31T11:59:10+08:00 ] 127.0.0.1 /index.php/Admin/Email/getCount.html
INFO: [ app_begin ] --START--
INFO: Run Behavior\ReadHtmlCacheBehavior [ RunTime:0.001000s ]
INFO: [ app_begin ] --END-- [ RunTime:0.002000s ]
SQL: SHOW COLUMNS FROM `sp_email` [ RunTime:0.0010s ]
SQL: SELECT COUNT(*) AS tp_count FROM `sp_email` WHERE ( isread = 0 and to_id =8 ) LIMIT 1   [ RunTime:0.0010s ]
INFO: [ app_end ] --START--
INFO: Run Behavior\ShowPageTraceBehavior [ RunTime:0.001000s ]
INFO: [ app_end ] --END-- [ RunTime:0.001000s ]

[ 2017-07-31T11:59:15+08:00 ] 127.0.0.1 /index.php/Admin/Email/getCount.html
INFO: [ app_begin ] --START--
INFO: Run Behavior\ReadHtmlCacheBehavior [ RunTime:0.001000s ]
INFO: [ app_begin ] --END-- [ RunTime:0.001000s ]
SQL: SHOW COLUMNS FROM `sp_email` [ RunTime:0.0020s ]
SQL: SELECT COUNT(*) AS tp_count FROM `sp_email` WHERE ( isread = 0 and to_id =8 ) LIMIT 1   [ RunTime:0.0010s ]
INFO: [ app_end ] --START--
INFO: Run Behavior\ShowPageTraceBehavior [ RunTime:0.001000s ]
INFO: [ app_end ] --END-- [ RunTime:0.001000s ]

[ 2017-07-31T11:59:20+08:00 ] 127.0.0.1 /index.php/Admin/Email/getCount.html
INFO: [ app_begin ] --START--
INFO: Run Behavior\ReadHtmlCacheBehavior [ RunTime:0.001000s ]
INFO: [ app_begin ] --END-- [ RunTime:0.003000s ]
SQL: SHOW COLUMNS FROM `sp_email` [ RunTime:0.0030s ]
SQL: SELECT COUNT(*) AS tp_count FROM `sp_email` WHERE ( isread = 0 and to_id =8 ) LIMIT 1   [ RunTime:0.0000s ]
INFO: [ app_end ] --START--
INFO: Run Behavior\ShowPageTraceBehavior [ RunTime:0.000000s ]
INFO: [ app_end ] --END-- [ RunTime:0.001000s ]

[ 2017-07-31T11:59:25+08:00 ] 127.0.0.1 /index.php/Admin/Email/getCount.html
INFO: [ app_begin ] --START--
INFO: Run Behavior\ReadHtmlCacheBehavior [ RunTime:0.001000s ]
INFO: [ app_begin ] --END-- [ RunTime:0.002000s ]
SQL: SHOW COLUMNS FROM `sp_email` [ RunTime:0.0020s ]
SQL: SELECT COUNT(*) AS tp_count FROM `sp_email` WHERE ( isread = 0 and to_id =8 ) LIMIT 1   [ RunTime:0.0010s ]
INFO: [ app_end ] --START--
INFO: Run Behavior\ShowPageTraceBehavior [ RunTime:0.001000s ]
INFO: [ app_end ] --END-- [ RunTime:0.003000s ]

[ 2017-07-31T11:59:30+08:00 ] 127.0.0.1 /index.php/Admin/Email/getCount.html
INFO: [ app_begin ] --START--
INFO: Run Behavior\ReadHtmlCacheBehavior [ RunTime:0.001000s ]
INFO: [ app_begin ] --END-- [ RunTime:0.002000s ]
SQL: SHOW COLUMNS FROM `sp_email` [ RunTime:0.0360s ]
SQL: SELECT COUNT(*) AS tp_count FROM `sp_email` WHERE ( isread = 0 and to_id =8 ) LIMIT 1   [ RunTime:0.0000s ]
INFO: [ app_end ] --START--
INFO: Run Behavior\ShowPageTraceBehavior [ RunTime:0.001000s ]
INFO: [ app_end ] --END-- [ RunTime:0.001000s ]

[ 2017-07-31T11:59:35+08:00 ] 127.0.0.1 /index.php/Admin/Email/getCount.html
INFO: [ app_begin ] --START--
INFO: Run Behavior\ReadHtmlCacheBehavior [ RunTime:0.001000s ]
INFO: [ app_begin ] --END-- [ RunTime:0.002001s ]
SQL: SHOW COLUMNS FROM `sp_email` [ RunTime:0.0010s ]
SQL: SELECT COUNT(*) AS tp_count FROM `sp_email` WHERE ( isread = 0 and to_id =8 ) LIMIT 1   [ RunTime:0.0000s ]
INFO: [ app_end ] --START--
INFO: Run Behavior\ShowPageTraceBehavior [ RunTime:0.001000s ]
INFO: [ app_end ] --END-- [ RunTime:0.001000s ]

[ 2017-07-31T11:59:40+08:00 ] 127.0.0.1 /index.php/Admin/Email/getCount.html
INFO: [ app_begin ] --START--
INFO: Run Behavior\ReadHtmlCacheBehavior [ RunTime:0.001000s ]
INFO: [ app_begin ] --END-- [ RunTime:0.002000s ]
SQL: SHOW COLUMNS FROM `sp_email` [ RunTime:0.0010s ]
SQL: SELECT COUNT(*) AS tp_count FROM `sp_email` WHERE ( isread = 0 and to_id =8 ) LIMIT 1   [ RunTime:0.0010s ]
INFO: [ app_end ] --START--
INFO: Run Behavior\ShowPageTraceBehavior [ RunTime:0.001000s ]
INFO: [ app_end ] --END-- [ RunTime:0.001000s ]

[ 2017-07-31T11:59:45+08:00 ] 127.0.0.1 /index.php/Admin/Email/getCount.html
INFO: [ app_begin ] --START--
INFO: Run Behavior\ReadHtmlCacheBehavior [ RunTime:0.001000s ]
INFO: [ app_begin ] --END-- [ RunTime:0.002000s ]
SQL: SHOW COLUMNS FROM `sp_email` [ RunTime:0.0010s ]
SQL: SELECT COUNT(*) AS tp_count FROM `sp_email` WHERE ( isread = 0 and to_id =8 ) LIMIT 1   [ RunTime:0.0020s ]
INFO: [ app_end ] --START--
INFO: Run Behavior\ShowPageTraceBehavior [ RunTime:0.001000s ]
INFO: [ app_end ] --END-- [ RunTime:0.001000s ]

[ 2017-07-31T11:59:50+08:00 ] 127.0.0.1 /index.php/Admin/Email/getCount.html
INFO: [ app_begin ] --START--
INFO: Run Behavior\ReadHtmlCacheBehavior [ RunTime:0.001000s ]
INFO: [ app_begin ] --END-- [ RunTime:0.001000s ]
SQL: SHOW COLUMNS FROM `sp_email` [ RunTime:0.0010s ]
SQL: SELECT COUNT(*) AS tp_count FROM `sp_email` WHERE ( isread = 0 and to_id =8 ) LIMIT 1   [ RunTime:0.0010s ]
INFO: [ app_end ] --START--
INFO: Run Behavior\ShowPageTraceBehavior [ RunTime:0.001000s ]
INFO: [ app_end ] --END-- [ RunTime:0.001000s ]

[ 2017-07-31T11:59:55+08:00 ] 127.0.0.1 /index.php/Admin/Email/getCount.html
INFO: [ app_begin ] --START--
INFO: Run Behavior\ReadHtmlCacheBehavior [ RunTime:0.001000s ]
INFO: [ app_begin ] --END-- [ RunTime:0.003000s ]
SQL: SHOW COLUMNS FROM `sp_email` [ RunTime:0.0010s ]
SQL: SELECT COUNT(*) AS tp_count FROM `sp_email` WHERE ( isread = 0 and to_id =8 ) LIMIT 1   [ RunTime:0.0010s ]
INFO: [ app_end ] --START--
INFO: Run Behavior\ShowPageTraceBehavior [ RunTime:0.000000s ]
INFO: [ app_end ] --END-- [ RunTime:0.001000s ]

[ 2017-07-31T12:00:00+08:00 ] 127.0.0.1 /index.php/Admin/Email/getCount.html
INFO: [ app_begin ] --START--
INFO: Run Behavior\ReadHtmlCacheBehavior [ RunTime:0.000000s ]
INFO: [ app_begin ] --END-- [ RunTime:0.002000s ]
SQL: SHOW COLUMNS FROM `sp_email` [ RunTime:0.0400s ]
SQL: SELECT COUNT(*) AS tp_count FROM `sp_email` WHERE ( isread = 0 and to_id =8 ) LIMIT 1   [ RunTime:0.0010s ]
INFO: [ app_end ] --START--
INFO: Run Behavior\ShowPageTraceBehavior [ RunTime:0.000000s ]
INFO: [ app_end ] --END-- [ RunTime:0.000000s ]

[ 2017-07-31T12:00:05+08:00 ] 127.0.0.1 /index.php/Admin/Email/getCount.html
INFO: [ app_begin ] --START--
INFO: Run Behavior\ReadHtmlCacheBehavior [ RunTime:0.000000s ]
INFO: [ app_begin ] --END-- [ RunTime:0.001000s ]
SQL: SHOW COLUMNS FROM `sp_email` [ RunTime:0.0020s ]
SQL: SELECT COUNT(*) AS tp_count FROM `sp_email` WHERE ( isread = 0 and to_id =8 ) LIMIT 1   [ RunTime:0.0010s ]
INFO: [ app_end ] --START--
INFO: Run Behavior\ShowPageTraceBehavior [ RunTime:0.001001s ]
INFO: [ app_end ] --END-- [ RunTime:0.001001s ]

[ 2017-07-31T12:00:10+08:00 ] 127.0.0.1 /index.php/Admin/Email/getCount.html
INFO: [ app_begin ] --START--
INFO: Run Behavior\ReadHtmlCacheBehavior [ RunTime:0.001000s ]
INFO: [ app_begin ] --END-- [ RunTime:0.003000s ]
SQL: SHOW COLUMNS FROM `sp_email` [ RunTime:0.0010s ]
SQL: SELECT COUNT(*) AS tp_count FROM `sp_email` WHERE ( isread = 0 and to_id =8 ) LIMIT 1   [ RunTime:0.0010s ]
INFO: [ app_end ] --START--
INFO: Run Behavior\ShowPageTraceBehavior [ RunTime:0.000000s ]
INFO: [ app_end ] --END-- [ RunTime:0.000000s ]

[ 2017-07-31T12:00:15+08:00 ] 127.0.0.1 /index.php/Admin/Email/getCount.html
INFO: [ app_begin ] --START--
INFO: Run Behavior\ReadHtmlCacheBehavior [ RunTime:0.002001s ]
INFO: [ app_begin ] --END-- [ RunTime:0.003001s ]
SQL: SHOW COLUMNS FROM `sp_email` [ RunTime:0.0390s ]
SQL: SELECT COUNT(*) AS tp_count FROM `sp_email` WHERE ( isread = 0 and to_id =8 ) LIMIT 1   [ RunTime:0.0010s ]
INFO: [ app_end ] --START--
INFO: Run Behavior\ShowPageTraceBehavior [ RunTime:0.001000s ]
INFO: [ app_end ] --END-- [ RunTime:0.001000s ]

[ 2017-07-31T12:00:20+08:00 ] 127.0.0.1 /index.php/Admin/Email/getCount.html
INFO: [ app_begin ] --START--
INFO: Run Behavior\ReadHtmlCacheBehavior [ RunTime:0.000000s ]
INFO: [ app_begin ] --END-- [ RunTime:0.000000s ]
SQL: SHOW COLUMNS FROM `sp_email` [ RunTime:0.0010s ]
SQL: SELECT COUNT(*) AS tp_count FROM `sp_email` WHERE ( isread = 0 and to_id =8 ) LIMIT 1   [ RunTime:0.0010s ]
INFO: [ app_end ] --START--
INFO: Run Behavior\ShowPageTraceBehavior [ RunTime:0.001000s ]
INFO: [ app_end ] --END-- [ RunTime:0.001000s ]

[ 2017-07-31T12:00:25+08:00 ] 127.0.0.1 /index.php/Admin/Email/getCount.html
INFO: [ app_begin ] --START--
INFO: Run Behavior\ReadHtmlCacheBehavior [ RunTime:0.001000s ]
INFO: [ app_begin ] --END-- [ RunTime:0.001000s ]
SQL: SHOW COLUMNS FROM `sp_email` [ RunTime:0.0010s ]
SQL: SELECT COUNT(*) AS tp_count FROM `sp_email` WHERE ( isread = 0 and to_id =8 ) LIMIT 1   [ RunTime:0.0010s ]
INFO: [ app_end ] --START--
INFO: Run Behavior\ShowPageTraceBehavior [ RunTime:0.001000s ]
INFO: [ app_end ] --END-- [ RunTime:0.001000s ]

[ 2017-07-31T12:00:30+08:00 ] 127.0.0.1 /index.php/Admin/Email/getCount.html
INFO: [ app_begin ] --START--
INFO: Run Behavior\ReadHtmlCacheBehavior [ RunTime:0.001000s ]
INFO: [ app_begin ] --END-- [ RunTime:0.002000s ]
SQL: SHOW COLUMNS FROM `sp_email` [ RunTime:0.0020s ]
SQL: SELECT COUNT(*) AS tp_count FROM `sp_email` WHERE ( isread = 0 and to_id =8 ) LIMIT 1   [ RunTime:0.0020s ]
INFO: [ app_end ] --START--
INFO: Run Behavior\ShowPageTraceBehavior [ RunTime:0.003000s ]
INFO: [ app_end ] --END-- [ RunTime:0.003000s ]

[ 2017-07-31T12:00:35+08:00 ] 127.0.0.1 /index.php/Admin/Email/getCount.html
INFO: [ app_begin ] --START--
INFO: Run Behavior\ReadHtmlCacheBehavior [ RunTime:0.001000s ]
INFO: [ app_begin ] --END-- [ RunTime:0.002000s ]
SQL: SHOW COLUMNS FROM `sp_email` [ RunTime:0.0010s ]
SQL: SELECT COUNT(*) AS tp_count FROM `sp_email` WHERE ( isread = 0 and to_id =8 ) LIMIT 1   [ RunTime:0.0000s ]
INFO: [ app_end ] --START--
INFO: Run Behavior\ShowPageTraceBehavior [ RunTime:0.001000s ]
INFO: [ app_end ] --END-- [ RunTime:0.001000s ]

[ 2017-07-31T12:00:40+08:00 ] 127.0.0.1 /index.php/Admin/Email/getCount.html
INFO: [ app_begin ] --START--
INFO: Run Behavior\ReadHtmlCacheBehavior [ RunTime:0.000000s ]
INFO: [ app_begin ] --END-- [ RunTime:0.001000s ]
SQL: SHOW COLUMNS FROM `sp_email` [ RunTime:0.0360s ]
SQL: SELECT COUNT(*) AS tp_count FROM `sp_email` WHERE ( isread = 0 and to_id =8 ) LIMIT 1   [ RunTime:0.0010s ]
INFO: [ app_end ] --START--
INFO: Run Behavior\ShowPageTraceBehavior [ RunTime:0.001000s ]
INFO: [ app_end ] --END-- [ RunTime:0.001000s ]

[ 2017-07-31T12:00:45+08:00 ] 127.0.0.1 /index.php/Admin/Email/getCount.html
INFO: [ app_begin ] --START--
INFO: Run Behavior\ReadHtmlCacheBehavior [ RunTime:0.000000s ]
INFO: [ app_begin ] --END-- [ RunTime:0.002000s ]
SQL: SHOW COLUMNS FROM `sp_email` [ RunTime:0.0010s ]
SQL: SELECT COUNT(*) AS tp_count FROM `sp_email` WHERE ( isread = 0 and to_id =8 ) LIMIT 1   [ RunTime:0.0010s ]
INFO: [ app_end ] --START--
INFO: Run Behavior\ShowPageTraceBehavior [ RunTime:0.001000s ]
INFO: [ app_end ] --END-- [ RunTime:0.001000s ]

[ 2017-07-31T12:00:50+08:00 ] 127.0.0.1 /index.php/Admin/Email/getCount.html
INFO: [ app_begin ] --START--
INFO: Run Behavior\ReadHtmlCacheBehavior [ RunTime:0.001000s ]
INFO: [ app_begin ] --END-- [ RunTime:0.001000s ]
SQL: SHOW COLUMNS FROM `sp_email` [ RunTime:0.0110s ]
SQL: SELECT COUNT(*) AS tp_count FROM `sp_email` WHERE ( isread = 0 and to_id =8 ) LIMIT 1   [ RunTime:0.0000s ]
INFO: [ app_end ] --START--
INFO: Run Behavior\ShowPageTraceBehavior [ RunTime:0.000000s ]
INFO: [ app_end ] --END-- [ RunTime:0.001000s ]

[ 2017-07-31T12:00:55+08:00 ] 127.0.0.1 /index.php/Admin/Email/getCount.html
INFO: [ app_begin ] --START--
INFO: Run Behavior\ReadHtmlCacheBehavior [ RunTime:0.001000s ]
INFO: [ app_begin ] --END-- [ RunTime:0.002000s ]
SQL: SHOW COLUMNS FROM `sp_email` [ RunTime:0.0000s ]
SQL: SELECT COUNT(*) AS tp_count FROM `sp_email` WHERE ( isread = 0 and to_id =8 ) LIMIT 1   [ RunTime:0.0000s ]
INFO: [ app_end ] --START--
INFO: Run Behavior\ShowPageTraceBehavior [ RunTime:0.001000s ]
INFO: [ app_end ] --END-- [ RunTime:0.001000s ]

[ 2017-07-31T12:01:00+08:00 ] 127.0.0.1 /index.php/Admin/Email/getCount.html
INFO: [ app_begin ] --START--
INFO: Run Behavior\ReadHtmlCacheBehavior [ RunTime:0.001000s ]
INFO: [ app_begin ] --END-- [ RunTime:0.001000s ]
SQL: SHOW COLUMNS FROM `sp_email` [ RunTime:0.0370s ]
SQL: SELECT COUNT(*) AS tp_count FROM `sp_email` WHERE ( isread = 0 and to_id =8 ) LIMIT 1   [ RunTime:0.0000s ]
INFO: [ app_end ] --START--
INFO: Run Behavior\ShowPageTraceBehavior [ RunTime:0.000000s ]
INFO: [ app_end ] --END-- [ RunTime:0.000000s ]

[ 2017-07-31T12:01:06+08:00 ] 127.0.0.1 /index.php/Admin/Email/getCount.html
INFO: [ app_begin ] --START--
INFO: Run Behavior\ReadHtmlCacheBehavior [ RunTime:0.000000s ]
INFO: [ app_begin ] --END-- [ RunTime:0.001000s ]
SQL: SHOW COLUMNS FROM `sp_email` [ RunTime:0.0010s ]
SQL: SELECT COUNT(*) AS tp_count FROM `sp_email` WHERE ( isread = 0 and to_id =8 ) LIMIT 1   [ RunTime:0.0000s ]
INFO: [ app_end ] --START--
INFO: Run Behavior\ShowPageTraceBehavior [ RunTime:0.000000s ]
INFO: [ app_end ] --END-- [ RunTime:0.000000s ]

[ 2017-07-31T12:01:10+08:00 ] 127.0.0.1 /index.php/Admin/Email/getCount.html
INFO: [ app_begin ] --START--
INFO: Run Behavior\ReadHtmlCacheBehavior [ RunTime:0.000000s ]
INFO: [ app_begin ] --END-- [ RunTime:0.002000s ]
SQL: SHOW COLUMNS FROM `sp_email` [ RunTime:0.0000s ]
SQL: SELECT COUNT(*) AS tp_count FROM `sp_email` WHERE ( isread = 0 and to_id =8 ) LIMIT 1   [ RunTime:0.0000s ]
INFO: [ app_end ] --START--
INFO: Run Behavior\ShowPageTraceBehavior [ RunTime:0.001000s ]
INFO: [ app_end ] --END-- [ RunTime:0.001000s ]

[ 2017-07-31T12:01:15+08:00 ] 127.0.0.1 /index.php/Admin/Email/getCount.html
INFO: [ app_begin ] --START--
INFO: Run Behavior\ReadHtmlCacheBehavior [ RunTime:0.001000s ]
INFO: [ app_begin ] --END-- [ RunTime:0.001000s ]
SQL: SHOW COLUMNS FROM `sp_email` [ RunTime:0.0010s ]
SQL: SELECT COUNT(*) AS tp_count FROM `sp_email` WHERE ( isread = 0 and to_id =8 ) LIMIT 1   [ RunTime:0.0010s ]
INFO: [ app_end ] --START--
INFO: Run Behavior\ShowPageTraceBehavior [ RunTime:0.000000s ]
INFO: [ app_end ] --END-- [ RunTime:0.000000s ]

[ 2017-07-31T12:01:20+08:00 ] 127.0.0.1 /index.php/Admin/Email/getCount.html
INFO: [ app_begin ] --START--
INFO: Run Behavior\ReadHtmlCacheBehavior [ RunTime:0.001000s ]
INFO: [ app_begin ] --END-- [ RunTime:0.001000s ]
SQL: SHOW COLUMNS FROM `sp_email` [ RunTime:0.0010s ]
SQL: SELECT COUNT(*) AS tp_count FROM `sp_email` WHERE ( isread = 0 and to_id =8 ) LIMIT 1   [ RunTime:0.0010s ]
INFO: [ app_end ] --START--
INFO: Run Behavior\ShowPageTraceBehavior [ RunTime:0.001000s ]
INFO: [ app_end ] --END-- [ RunTime:0.001000s ]

[ 2017-07-31T12:01:25+08:00 ] 127.0.0.1 /index.php/Admin/Email/getCount.html
INFO: [ app_begin ] --START--
INFO: Run Behavior\ReadHtmlCacheBehavior [ RunTime:0.001000s ]
INFO: [ app_begin ] --END-- [ RunTime:0.002000s ]
SQL: SHOW COLUMNS FROM `sp_email` [ RunTime:0.1280s ]
SQL: SELECT COUNT(*) AS tp_count FROM `sp_email` WHERE ( isread = 0 and to_id =8 ) LIMIT 1   [ RunTime:0.0020s ]
INFO: [ app_end ] --START--
INFO: Run Behavior\ShowPageTraceBehavior [ RunTime:0.002000s ]
INFO: [ app_end ] --END-- [ RunTime:0.002000s ]

[ 2017-07-31T12:01:30+08:00 ] 127.0.0.1 /index.php/Admin/Email/getCount.html
INFO: [ app_begin ] --START--
INFO: Run Behavior\ReadHtmlCacheBehavior [ RunTime:0.001000s ]
INFO: [ app_begin ] --END-- [ RunTime:0.001000s ]
SQL: SHOW COLUMNS FROM `sp_email` [ RunTime:0.0000s ]
SQL: SELECT COUNT(*) AS tp_count FROM `sp_email` WHERE ( isread = 0 and to_id =8 ) LIMIT 1   [ RunTime:0.0000s ]
INFO: [ app_end ] --START--
INFO: Run Behavior\ShowPageTraceBehavior [ RunTime:0.000000s ]
INFO: [ app_end ] --END-- [ RunTime:0.000000s ]

[ 2017-07-31T12:01:35+08:00 ] 127.0.0.1 /index.php/Admin/Email/getCount.html
INFO: [ app_begin ] --START--
INFO: Run Behavior\ReadHtmlCacheBehavior [ RunTime:0.001001s ]
INFO: [ app_begin ] --END-- [ RunTime:0.001001s ]
SQL: SHOW COLUMNS FROM `sp_email` [ RunTime:0.0010s ]
SQL: SELECT COUNT(*) AS tp_count FROM `sp_email` WHERE ( isread = 0 and to_id =8 ) LIMIT 1   [ RunTime:0.0010s ]
INFO: [ app_end ] --START--
INFO: Run Behavior\ShowPageTraceBehavior [ RunTime:0.001000s ]
INFO: [ app_end ] --END-- [ RunTime:0.002000s ]

[ 2017-07-31T12:01:40+08:00 ] 127.0.0.1 /index.php/Admin/Email/getCount.html
INFO: [ app_begin ] --START--
INFO: Run Behavior\ReadHtmlCacheBehavior [ RunTime:0.001000s ]
INFO: [ app_begin ] --END-- [ RunTime:0.001000s ]
SQL: SHOW COLUMNS FROM `sp_email` [ RunTime:0.0010s ]
SQL: SELECT COUNT(*) AS tp_count FROM `sp_email` WHERE ( isread = 0 and to_id =8 ) LIMIT 1   [ RunTime:0.0010s ]
INFO: [ app_end ] --START--
INFO: Run Behavior\ShowPageTraceBehavior [ RunTime:0.000000s ]
INFO: [ app_end ] --END-- [ RunTime:0.000000s ]

[ 2017-07-31T12:01:45+08:00 ] 127.0.0.1 /index.php/Admin/Email/getCount.html
INFO: [ app_begin ] --START--
INFO: Run Behavior\ReadHtmlCacheBehavior [ RunTime:0.000000s ]
INFO: [ app_begin ] --END-- [ RunTime:0.001000s ]
SQL: SHOW COLUMNS FROM `sp_email` [ RunTime:0.0020s ]
SQL: SELECT COUNT(*) AS tp_count FROM `sp_email` WHERE ( isread = 0 and to_id =8 ) LIMIT 1   [ RunTime:0.0260s ]
INFO: [ app_end ] --START--
INFO: Run Behavior\ShowPageTraceBehavior [ RunTime:0.002000s ]
INFO: [ app_end ] --END-- [ RunTime:0.002000s ]

[ 2017-07-31T12:01:50+08:00 ] 127.0.0.1 /index.php/Admin/Email/getCount.html
INFO: [ app_begin ] --START--
INFO: Run Behavior\ReadHtmlCacheBehavior [ RunTime:0.001000s ]
INFO: [ app_begin ] --END-- [ RunTime:0.001000s ]
SQL: SHOW COLUMNS FROM `sp_email` [ RunTime:0.0000s ]
SQL: SELECT COUNT(*) AS tp_count FROM `sp_email` WHERE ( isread = 0 and to_id =8 ) LIMIT 1   [ RunTime:0.0010s ]
INFO: [ app_end ] --START--
INFO: Run Behavior\ShowPageTraceBehavior [ RunTime:0.000000s ]
INFO: [ app_end ] --END-- [ RunTime:0.000000s ]

[ 2017-07-31T12:01:55+08:00 ] 127.0.0.1 /index.php/Admin/Email/getCount.html
INFO: [ app_begin ] --START--
INFO: Run Behavior\ReadHtmlCacheBehavior [ RunTime:0.001000s ]
INFO: [ app_begin ] --END-- [ RunTime:0.001000s ]
SQL: SHOW COLUMNS FROM `sp_email` [ RunTime:0.0010s ]
SQL: SELECT COUNT(*) AS tp_count FROM `sp_email` WHERE ( isread = 0 and to_id =8 ) LIMIT 1   [ RunTime:0.0010s ]
INFO: [ app_end ] --START--
INFO: Run Behavior\ShowPageTraceBehavior [ RunTime:0.000000s ]
INFO: [ app_end ] --END-- [ RunTime:0.001000s ]

[ 2017-07-31T12:02:00+08:00 ] 127.0.0.1 /index.php/Admin/Email/getCount.html
INFO: [ app_begin ] --START--
INFO: Run Behavior\ReadHtmlCacheBehavior [ RunTime:0.001000s ]
INFO: [ app_begin ] --END-- [ RunTime:0.001000s ]
SQL: SHOW COLUMNS FROM `sp_email` [ RunTime:0.0110s ]
SQL: SELECT COUNT(*) AS tp_count FROM `sp_email` WHERE ( isread = 0 and to_id =8 ) LIMIT 1   [ RunTime:0.0000s ]
INFO: [ app_end ] --START--
INFO: Run Behavior\ShowPageTraceBehavior [ RunTime:0.000000s ]
INFO: [ app_end ] --END-- [ RunTime:0.001000s ]

[ 2017-07-31T12:02:05+08:00 ] 127.0.0.1 /index.php/Admin/Email/getCount.html
INFO: [ app_begin ] --START--
INFO: Run Behavior\ReadHtmlCacheBehavior [ RunTime:0.000000s ]
INFO: [ app_begin ] --END-- [ RunTime:0.001000s ]
SQL: SHOW COLUMNS FROM `sp_email` [ RunTime:0.0000s ]
SQL: SELECT COUNT(*) AS tp_count FROM `sp_email` WHERE ( isread = 0 and to_id =8 ) LIMIT 1   [ RunTime:0.0010s ]
INFO: [ app_end ] --START--
INFO: Run Behavior\ShowPageTraceBehavior [ RunTime:0.001000s ]
INFO: [ app_end ] --END-- [ RunTime:0.001000s ]

[ 2017-07-31T12:02:10+08:00 ] 127.0.0.1 /index.php/Admin/Email/getCount.html
INFO: [ app_begin ] --START--
INFO: Run Behavior\ReadHtmlCacheBehavior [ RunTime:0.000000s ]
INFO: [ app_begin ] --END-- [ RunTime:0.001000s ]
SQL: SHOW COLUMNS FROM `sp_email` [ RunTime:0.0010s ]
SQL: SELECT COUNT(*) AS tp_count FROM `sp_email` WHERE ( isread = 0 and to_id =8 ) LIMIT 1   [ RunTime:0.0010s ]
INFO: [ app_end ] --START--
INFO: Run Behavior\ShowPageTraceBehavior [ RunTime:0.001000s ]
INFO: [ app_end ] --END-- [ RunTime:0.001000s ]

[ 2017-07-31T12:02:15+08:00 ] 127.0.0.1 /index.php/Admin/Email/getCount.html
INFO: [ app_begin ] --START--
INFO: Run Behavior\ReadHtmlCacheBehavior [ RunTime:0.000000s ]
INFO: [ app_begin ] --END-- [ RunTime:0.001000s ]
SQL: SHOW COLUMNS FROM `sp_email` [ RunTime:0.0010s ]
SQL: SELECT COUNT(*) AS tp_count FROM `sp_email` WHERE ( isread = 0 and to_id =8 ) LIMIT 1   [ RunTime:0.0000s ]
INFO: [ app_end ] --START--
INFO: Run Behavior\ShowPageTraceBehavior [ RunTime:0.000000s ]
INFO: [ app_end ] --END-- [ RunTime:0.000000s ]

[ 2017-07-31T12:02:20+08:00 ] 127.0.0.1 /index.php/Admin/Email/getCount.html
INFO: [ app_begin ] --START--
INFO: Run Behavior\ReadHtmlCacheBehavior [ RunTime:0.001000s ]
INFO: [ app_begin ] --END-- [ RunTime:0.002000s ]
SQL: SHOW COLUMNS FROM `sp_email` [ RunTime:0.0010s ]
SQL: SELECT COUNT(*) AS tp_count FROM `sp_email` WHERE ( isread = 0 and to_id =8 ) LIMIT 1   [ RunTime:0.0000s ]
INFO: [ app_end ] --START--
INFO: Run Behavior\ShowPageTraceBehavior [ RunTime:0.001000s ]
INFO: [ app_end ] --END-- [ RunTime:0.001000s ]

[ 2017-07-31T12:02:25+08:00 ] 127.0.0.1 /index.php/Admin/Email/getCount.html
INFO: [ app_begin ] --START--
INFO: Run Behavior\ReadHtmlCacheBehavior [ RunTime:0.001000s ]
INFO: [ app_begin ] --END-- [ RunTime:0.002000s ]
SQL: SHOW COLUMNS FROM `sp_email` [ RunTime:0.0010s ]
SQL: SELECT COUNT(*) AS tp_count FROM `sp_email` WHERE ( isread = 0 and to_id =8 ) LIMIT 1   [ RunTime:0.0000s ]
INFO: [ app_end ] --START--
INFO: Run Behavior\ShowPageTraceBehavior [ RunTime:0.001000s ]
INFO: [ app_end ] --END-- [ RunTime:0.001000s ]

[ 2017-07-31T12:02:30+08:00 ] 127.0.0.1 /index.php/Admin/Email/getCount.html
INFO: [ app_begin ] --START--
INFO: Run Behavior\ReadHtmlCacheBehavior [ RunTime:0.001000s ]
INFO: [ app_begin ] --END-- [ RunTime:0.001000s ]
SQL: SHOW COLUMNS FROM `sp_email` [ RunTime:0.0020s ]
SQL: SELECT COUNT(*) AS tp_count FROM `sp_email` WHERE ( isread = 0 and to_id =8 ) LIMIT 1   [ RunTime:0.0010s ]
INFO: [ app_end ] --START--
INFO: Run Behavior\ShowPageTraceBehavior [ RunTime:0.001000s ]
INFO: [ app_end ] --END-- [ RunTime:0.001000s ]

[ 2017-07-31T12:02:35+08:00 ] 127.0.0.1 /index.php/Admin/Email/getCount.html
INFO: [ app_begin ] --START--
INFO: Run Behavior\ReadHtmlCacheBehavior [ RunTime:0.000000s ]
INFO: [ app_begin ] --END-- [ RunTime:0.001000s ]
SQL: SHOW COLUMNS FROM `sp_email` [ RunTime:0.0010s ]
SQL: SELECT COUNT(*) AS tp_count FROM `sp_email` WHERE ( isread = 0 and to_id =8 ) LIMIT 1   [ RunTime:0.0010s ]
INFO: [ app_end ] --START--
INFO: Run Behavior\ShowPageTraceBehavior [ RunTime:0.000000s ]
INFO: [ app_end ] --END-- [ RunTime:0.000000s ]

[ 2017-07-31T12:02:40+08:00 ] 127.0.0.1 /index.php/Admin/Email/getCount.html
INFO: [ app_begin ] --START--
INFO: Run Behavior\ReadHtmlCacheBehavior [ RunTime:0.000000s ]
INFO: [ app_begin ] --END-- [ RunTime:0.000000s ]
SQL: SHOW COLUMNS FROM `sp_email` [ RunTime:0.0010s ]
SQL: SELECT COUNT(*) AS tp_count FROM `sp_email` WHERE ( isread = 0 and to_id =8 ) LIMIT 1   [ RunTime:0.0010s ]
INFO: [ app_end ] --START--
INFO: Run Behavior\ShowPageTraceBehavior [ RunTime:0.000000s ]
INFO: [ app_end ] --END-- [ RunTime:0.000000s ]

[ 2017-07-31T12:02:45+08:00 ] 127.0.0.1 /index.php/Admin/Email/getCount.html
INFO: [ app_begin ] --START--
INFO: Run Behavior\ReadHtmlCacheBehavior [ RunTime:0.001000s ]
INFO: [ app_begin ] --END-- [ RunTime:0.001000s ]
SQL: SHOW COLUMNS FROM `sp_email` [ RunTime:0.0010s ]
SQL: SELECT COUNT(*) AS tp_count FROM `sp_email` WHERE ( isread = 0 and to_id =8 ) LIMIT 1   [ RunTime:0.0000s ]
INFO: [ app_end ] --START--
INFO: Run Behavior\ShowPageTraceBehavior [ RunTime:0.000000s ]
INFO: [ app_end ] --END-- [ RunTime:0.000000s ]

[ 2017-07-31T12:02:50+08:00 ] 127.0.0.1 /index.php/Admin/Email/getCount.html
INFO: [ app_begin ] --START--
INFO: Run Behavior\ReadHtmlCacheBehavior [ RunTime:0.000000s ]
INFO: [ app_begin ] --END-- [ RunTime:0.001000s ]
SQL: SHOW COLUMNS FROM `sp_email` [ RunTime:0.0010s ]
SQL: SELECT COUNT(*) AS tp_count FROM `sp_email` WHERE ( isread = 0 and to_id =8 ) LIMIT 1   [ RunTime:0.0010s ]
INFO: [ app_end ] --START--
INFO: Run Behavior\ShowPageTraceBehavior [ RunTime:0.001000s ]
INFO: [ app_end ] --END-- [ RunTime:0.001000s ]

[ 2017-07-31T12:02:55+08:00 ] 127.0.0.1 /index.php/Admin/Email/getCount.html
INFO: [ app_begin ] --START--
INFO: Run Behavior\ReadHtmlCacheBehavior [ RunTime:0.001000s ]
INFO: [ app_begin ] --END-- [ RunTime:0.002000s ]
SQL: SHOW COLUMNS FROM `sp_email` [ RunTime:0.0310s ]
SQL: SELECT COUNT(*) AS tp_count FROM `sp_email` WHERE ( isread = 0 and to_id =8 ) LIMIT 1   [ RunTime:0.0010s ]
INFO: [ app_end ] --START--
INFO: Run Behavior\ShowPageTraceBehavior [ RunTime:0.003000s ]
INFO: [ app_end ] --END-- [ RunTime:0.003000s ]

[ 2017-07-31T12:03:00+08:00 ] 127.0.0.1 /index.php/Admin/Email/getCount.html
INFO: [ app_begin ] --START--
INFO: Run Behavior\ReadHtmlCacheBehavior [ RunTime:0.000000s ]
INFO: [ app_begin ] --END-- [ RunTime:0.001000s ]
SQL: SHOW COLUMNS FROM `sp_email` [ RunTime:0.0010s ]
SQL: SELECT COUNT(*) AS tp_count FROM `sp_email` WHERE ( isread = 0 and to_id =8 ) LIMIT 1   [ RunTime:0.0000s ]
INFO: [ app_end ] --START--
INFO: Run Behavior\ShowPageTraceBehavior [ RunTime:0.001000s ]
INFO: [ app_end ] --END-- [ RunTime:0.001000s ]

[ 2017-07-31T12:03:05+08:00 ] 127.0.0.1 /index.php/Admin/Email/getCount.html
INFO: [ app_begin ] --START--
INFO: Run Behavior\ReadHtmlCacheBehavior [ RunTime:0.001000s ]
INFO: [ app_begin ] --END-- [ RunTime:0.003001s ]
SQL: SHOW COLUMNS FROM `sp_email` [ RunTime:0.0000s ]
SQL: SELECT COUNT(*) AS tp_count FROM `sp_email` WHERE ( isread = 0 and to_id =8 ) LIMIT 1   [ RunTime:0.0020s ]
INFO: [ app_end ] --START--
INFO: Run Behavior\ShowPageTraceBehavior [ RunTime:0.002001s ]
INFO: [ app_end ] --END-- [ RunTime:0.002001s ]

[ 2017-07-31T12:03:10+08:00 ] 127.0.0.1 /index.php/Admin/Email/getCount.html
INFO: [ app_begin ] --START--
INFO: Run Behavior\ReadHtmlCacheBehavior [ RunTime:0.001000s ]
INFO: [ app_begin ] --END-- [ RunTime:0.002000s ]
SQL: SHOW COLUMNS FROM `sp_email` [ RunTime:0.0010s ]
SQL: SELECT COUNT(*) AS tp_count FROM `sp_email` WHERE ( isread = 0 and to_id =8 ) LIMIT 1   [ RunTime:0.0010s ]
INFO: [ app_end ] --START--
INFO: Run Behavior\ShowPageTraceBehavior [ RunTime:0.001000s ]
INFO: [ app_end ] --END-- [ RunTime:0.001000s ]

[ 2017-07-31T12:03:15+08:00 ] 127.0.0.1 /index.php/Admin/Email/getCount.html
INFO: [ app_begin ] --START--
INFO: Run Behavior\ReadHtmlCacheBehavior [ RunTime:0.001000s ]
INFO: [ app_begin ] --END-- [ RunTime:0.001000s ]
SQL: SHOW COLUMNS FROM `sp_email` [ RunTime:0.0010s ]
SQL: SELECT COUNT(*) AS tp_count FROM `sp_email` WHERE ( isread = 0 and to_id =8 ) LIMIT 1   [ RunTime:0.0000s ]
INFO: [ app_end ] --START--
INFO: Run Behavior\ShowPageTraceBehavior [ RunTime:0.001000s ]
INFO: [ app_end ] --END-- [ RunTime:0.001000s ]

[ 2017-07-31T12:03:20+08:00 ] 127.0.0.1 /index.php/Admin/Email/getCount.html
INFO: [ app_begin ] --START--
INFO: Run Behavior\ReadHtmlCacheBehavior [ RunTime:0.001000s ]
INFO: [ app_begin ] --END-- [ RunTime:0.002000s ]
SQL: SHOW COLUMNS FROM `sp_email` [ RunTime:0.0090s ]
SQL: SELECT COUNT(*) AS tp_count FROM `sp_email` WHERE ( isread = 0 and to_id =8 ) LIMIT 1   [ RunTime:0.0020s ]
INFO: [ app_end ] --START--
INFO: Run Behavior\ShowPageTraceBehavior [ RunTime:0.001000s ]
INFO: [ app_end ] --END-- [ RunTime:0.001000s ]

[ 2017-07-31T12:03:25+08:00 ] 127.0.0.1 /index.php/Admin/Email/getCount.html
INFO: [ app_begin ] --START--
INFO: Run Behavior\ReadHtmlCacheBehavior [ RunTime:0.008001s ]
INFO: [ app_begin ] --END-- [ RunTime:0.008001s ]
SQL: SHOW COLUMNS FROM `sp_email` [ RunTime:0.0000s ]
SQL: SELECT COUNT(*) AS tp_count FROM `sp_email` WHERE ( isread = 0 and to_id =8 ) LIMIT 1   [ RunTime:0.0000s ]
INFO: [ app_end ] --START--
INFO: Run Behavior\ShowPageTraceBehavior [ RunTime:0.000000s ]
INFO: [ app_end ] --END-- [ RunTime:0.000000s ]

[ 2017-07-31T12:03:30+08:00 ] 127.0.0.1 /index.php/Admin/Email/getCount.html
INFO: [ app_begin ] --START--
INFO: Run Behavior\ReadHtmlCacheBehavior [ RunTime:0.000000s ]
INFO: [ app_begin ] --END-- [ RunTime:0.001000s ]
SQL: SHOW COLUMNS FROM `sp_email` [ RunTime:0.0010s ]
SQL: SELECT COUNT(*) AS tp_count FROM `sp_email` WHERE ( isread = 0 and to_id =8 ) LIMIT 1   [ RunTime:0.0010s ]
INFO: [ app_end ] --START--
INFO: Run Behavior\ShowPageTraceBehavior [ RunTime:0.002000s ]
INFO: [ app_end ] --END-- [ RunTime:0.002000s ]

[ 2017-07-31T12:03:35+08:00 ] 127.0.0.1 /index.php/Admin/Email/getCount.html
INFO: [ app_begin ] --START--
INFO: Run Behavior\ReadHtmlCacheBehavior [ RunTime:0.001000s ]
INFO: [ app_begin ] --END-- [ RunTime:0.001000s ]
SQL: SHOW COLUMNS FROM `sp_email` [ RunTime:0.0020s ]
SQL: SELECT COUNT(*) AS tp_count FROM `sp_email` WHERE ( isread = 0 and to_id =8 ) LIMIT 1   [ RunTime:0.0010s ]
INFO: [ app_end ] --START--
INFO: Run Behavior\ShowPageTraceBehavior [ RunTime:0.002001s ]
INFO: [ app_end ] --END-- [ RunTime:0.002001s ]

[ 2017-07-31T12:03:40+08:00 ] 127.0.0.1 /index.php/Admin/Email/getCount.html
INFO: [ app_begin ] --START--
INFO: Run Behavior\ReadHtmlCacheBehavior [ RunTime:0.000000s ]
INFO: [ app_begin ] --END-- [ RunTime:0.002000s ]
SQL: SHOW COLUMNS FROM `sp_email` [ RunTime:0.0400s ]
SQL: SELECT COUNT(*) AS tp_count FROM `sp_email` WHERE ( isread = 0 and to_id =8 ) LIMIT 1   [ RunTime:0.0010s ]
INFO: [ app_end ] --START--
INFO: Run Behavior\ShowPageTraceBehavior [ RunTime:0.001000s ]
INFO: [ app_end ] --END-- [ RunTime:0.001000s ]

[ 2017-07-31T12:03:45+08:00 ] 127.0.0.1 /index.php/Admin/Email/getCount.html
INFO: [ app_begin ] --START--
INFO: Run Behavior\ReadHtmlCacheBehavior [ RunTime:0.001000s ]
INFO: [ app_begin ] --END-- [ RunTime:0.002000s ]
SQL: SHOW COLUMNS FROM `sp_email` [ RunTime:0.0010s ]
SQL: SELECT COUNT(*) AS tp_count FROM `sp_email` WHERE ( isread = 0 and to_id =8 ) LIMIT 1   [ RunTime:0.0000s ]
INFO: [ app_end ] --START--
INFO: Run Behavior\ShowPageTraceBehavior [ RunTime:0.000000s ]
INFO: [ app_end ] --END-- [ RunTime:0.001000s ]

[ 2017-07-31T12:03:50+08:00 ] 127.0.0.1 /index.php/Admin/Email/getCount.html
INFO: [ app_begin ] --START--
INFO: Run Behavior\ReadHtmlCacheBehavior [ RunTime:0.001000s ]
INFO: [ app_begin ] --END-- [ RunTime:0.001000s ]
SQL: SHOW COLUMNS FROM `sp_email` [ RunTime:0.0010s ]
SQL: SELECT COUNT(*) AS tp_count FROM `sp_email` WHERE ( isread = 0 and to_id =8 ) LIMIT 1   [ RunTime:0.0010s ]
INFO: [ app_end ] --START--
INFO: Run Behavior\ShowPageTraceBehavior [ RunTime:0.001000s ]
INFO: [ app_end ] --END-- [ RunTime:0.001000s ]

[ 2017-07-31T12:03:55+08:00 ] 127.0.0.1 /index.php/Admin/Email/getCount.html
INFO: [ app_begin ] --START--
INFO: Run Behavior\ReadHtmlCacheBehavior [ RunTime:0.001000s ]
INFO: [ app_begin ] --END-- [ RunTime:0.001000s ]
SQL: SHOW COLUMNS FROM `sp_email` [ RunTime:0.0010s ]
SQL: SELECT COUNT(*) AS tp_count FROM `sp_email` WHERE ( isread = 0 and to_id =8 ) LIMIT 1   [ RunTime:0.0010s ]
INFO: [ app_end ] --START--
INFO: Run Behavior\ShowPageTraceBehavior [ RunTime:0.001000s ]
INFO: [ app_end ] --END-- [ RunTime:0.001000s ]

[ 2017-07-31T12:04:00+08:00 ] 127.0.0.1 /index.php/Admin/Email/getCount.html
INFO: [ app_begin ] --START--
INFO: Run Behavior\ReadHtmlCacheBehavior [ RunTime:0.001000s ]
INFO: [ app_begin ] --END-- [ RunTime:0.002000s ]
SQL: SHOW COLUMNS FROM `sp_email` [ RunTime:0.0000s ]
SQL: SELECT COUNT(*) AS tp_count FROM `sp_email` WHERE ( isread = 0 and to_id =8 ) LIMIT 1   [ RunTime:0.0010s ]
INFO: [ app_end ] --START--
INFO: Run Behavior\ShowPageTraceBehavior [ RunTime:0.000000s ]
INFO: [ app_end ] --END-- [ RunTime:0.000000s ]

[ 2017-07-31T12:04:05+08:00 ] 127.0.0.1 /index.php/Admin/Email/getCount.html
INFO: [ app_begin ] --START--
INFO: Run Behavior\ReadHtmlCacheBehavior [ RunTime:0.001000s ]
INFO: [ app_begin ] --END-- [ RunTime:0.001000s ]
SQL: SHOW COLUMNS FROM `sp_email` [ RunTime:0.1370s ]
SQL: SELECT COUNT(*) AS tp_count FROM `sp_email` WHERE ( isread = 0 and to_id =8 ) LIMIT 1   [ RunTime:0.0020s ]
INFO: [ app_end ] --START--
INFO: Run Behavior\ShowPageTraceBehavior [ RunTime:0.002000s ]
INFO: [ app_end ] --END-- [ RunTime:0.002000s ]

[ 2017-07-31T12:04:10+08:00 ] 127.0.0.1 /index.php/Admin/Email/getCount.html
INFO: [ app_begin ] --START--
INFO: Run Behavior\ReadHtmlCacheBehavior [ RunTime:0.001001s ]
INFO: [ app_begin ] --END-- [ RunTime:0.001001s ]
SQL: SHOW COLUMNS FROM `sp_email` [ RunTime:0.0010s ]
SQL: SELECT COUNT(*) AS tp_count FROM `sp_email` WHERE ( isread = 0 and to_id =8 ) LIMIT 1   [ RunTime:0.0010s ]
INFO: [ app_end ] --START--
INFO: Run Behavior\ShowPageTraceBehavior [ RunTime:0.000000s ]
INFO: [ app_end ] --END-- [ RunTime:0.001001s ]

[ 2017-07-31T12:04:15+08:00 ] 127.0.0.1 /index.php/Admin/Email/getCount.html
INFO: [ app_begin ] --START--
INFO: Run Behavior\ReadHtmlCacheBehavior [ RunTime:0.000000s ]
INFO: [ app_begin ] --END-- [ RunTime:0.002000s ]
SQL: SHOW COLUMNS FROM `sp_email` [ RunTime:0.0010s ]
SQL: SELECT COUNT(*) AS tp_count FROM `sp_email` WHERE ( isread = 0 and to_id =8 ) LIMIT 1   [ RunTime:0.0010s ]
INFO: [ app_end ] --START--
INFO: Run Behavior\ShowPageTraceBehavior [ RunTime:0.001000s ]
INFO: [ app_end ] --END-- [ RunTime:0.001000s ]

[ 2017-07-31T12:04:20+08:00 ] 127.0.0.1 /index.php/Admin/Email/getCount.html
INFO: [ app_begin ] --START--
INFO: Run Behavior\ReadHtmlCacheBehavior [ RunTime:0.001000s ]
INFO: [ app_begin ] --END-- [ RunTime:0.001000s ]
SQL: SHOW COLUMNS FROM `sp_email` [ RunTime:0.0030s ]
SQL: SELECT COUNT(*) AS tp_count FROM `sp_email` WHERE ( isread = 0 and to_id =8 ) LIMIT 1   [ RunTime:0.0020s ]
INFO: [ app_end ] --START--
INFO: Run Behavior\ShowPageTraceBehavior [ RunTime:0.002000s ]
INFO: [ app_end ] --END-- [ RunTime:0.002000s ]

[ 2017-07-31T12:04:25+08:00 ] 127.0.0.1 /index.php/Admin/Email/getCount.html
INFO: [ app_begin ] --START--
INFO: Run Behavior\ReadHtmlCacheBehavior [ RunTime:0.000000s ]
INFO: [ app_begin ] --END-- [ RunTime:0.001000s ]
SQL: SHOW COLUMNS FROM `sp_email` [ RunTime:0.0010s ]
SQL: SELECT COUNT(*) AS tp_count FROM `sp_email` WHERE ( isread = 0 and to_id =8 ) LIMIT 1   [ RunTime:0.0800s ]
INFO: [ app_end ] --START--
INFO: Run Behavior\ShowPageTraceBehavior [ RunTime:0.000000s ]
INFO: [ app_end ] --END-- [ RunTime:0.001000s ]

[ 2017-07-31T12:04:30+08:00 ] 127.0.0.1 /index.php/Admin/Email/getCount.html
INFO: [ app_begin ] --START--
INFO: Run Behavior\ReadHtmlCacheBehavior [ RunTime:0.001000s ]
INFO: [ app_begin ] --END-- [ RunTime:0.001000s ]
SQL: SHOW COLUMNS FROM `sp_email` [ RunTime:0.0010s ]
SQL: SELECT COUNT(*) AS tp_count FROM `sp_email` WHERE ( isread = 0 and to_id =8 ) LIMIT 1   [ RunTime:0.0010s ]
INFO: [ app_end ] --START--
INFO: Run Behavior\ShowPageTraceBehavior [ RunTime:0.000000s ]
INFO: [ app_end ] --END-- [ RunTime:0.000000s ]

[ 2017-07-31T12:04:35+08:00 ] 127.0.0.1 /index.php/Admin/Email/getCount.html
INFO: [ app_begin ] --START--
INFO: Run Behavior\ReadHtmlCacheBehavior [ RunTime:0.000000s ]
INFO: [ app_begin ] --END-- [ RunTime:0.001000s ]
SQL: SHOW COLUMNS FROM `sp_email` [ RunTime:0.0010s ]
SQL: SELECT COUNT(*) AS tp_count FROM `sp_email` WHERE ( isread = 0 and to_id =8 ) LIMIT 1   [ RunTime:0.0010s ]
INFO: [ app_end ] --START--
INFO: Run Behavior\ShowPageTraceBehavior [ RunTime:0.001000s ]
INFO: [ app_end ] --END-- [ RunTime:0.003000s ]

[ 2017-07-31T12:04:40+08:00 ] 127.0.0.1 /index.php/Admin/Email/getCount.html
INFO: [ app_begin ] --START--
INFO: Run Behavior\ReadHtmlCacheBehavior [ RunTime:0.001000s ]
INFO: [ app_begin ] --END-- [ RunTime:0.002000s ]
SQL: SHOW COLUMNS FROM `sp_email` [ RunTime:0.0010s ]
SQL: SELECT COUNT(*) AS tp_count FROM `sp_email` WHERE ( isread = 0 and to_id =8 ) LIMIT 1   [ RunTime:0.0000s ]
INFO: [ app_end ] --START--
INFO: Run Behavior\ShowPageTraceBehavior [ RunTime:0.000000s ]
INFO: [ app_end ] --END-- [ RunTime:0.000000s ]

[ 2017-07-31T12:04:45+08:00 ] 127.0.0.1 /index.php/Admin/Email/getCount.html
INFO: [ app_begin ] --START--
INFO: Run Behavior\ReadHtmlCacheBehavior [ RunTime:0.001000s ]
INFO: [ app_begin ] --END-- [ RunTime:0.002000s ]
SQL: SHOW COLUMNS FROM `sp_email` [ RunTime:0.0010s ]
SQL: SELECT COUNT(*) AS tp_count FROM `sp_email` WHERE ( isread = 0 and to_id =8 ) LIMIT 1   [ RunTime:0.0010s ]
INFO: [ app_end ] --START--
INFO: Run Behavior\ShowPageTraceBehavior [ RunTime:0.001000s ]
INFO: [ app_end ] --END-- [ RunTime:0.001000s ]

[ 2017-07-31T12:04:50+08:00 ] 127.0.0.1 /index.php/Admin/Email/getCount.html
INFO: [ app_begin ] --START--
INFO: Run Behavior\ReadHtmlCacheBehavior [ RunTime:0.001000s ]
INFO: [ app_begin ] --END-- [ RunTime:0.002000s ]
SQL: SHOW COLUMNS FROM `sp_email` [ RunTime:0.0000s ]
SQL: SELECT COUNT(*) AS tp_count FROM `sp_email` WHERE ( isread = 0 and to_id =8 ) LIMIT 1   [ RunTime:0.0010s ]
INFO: [ app_end ] --START--
INFO: Run Behavior\ShowPageTraceBehavior [ RunTime:0.000000s ]
INFO: [ app_end ] --END-- [ RunTime:0.000000s ]

[ 2017-07-31T12:04:55+08:00 ] 127.0.0.1 /index.php/Admin/Email/getCount.html
INFO: [ app_begin ] --START--
INFO: Run Behavior\ReadHtmlCacheBehavior [ RunTime:0.001000s ]
INFO: [ app_begin ] --END-- [ RunTime:0.002000s ]
SQL: SHOW COLUMNS FROM `sp_email` [ RunTime:0.0600s ]
SQL: SELECT COUNT(*) AS tp_count FROM `sp_email` WHERE ( isread = 0 and to_id =8 ) LIMIT 1   [ RunTime:0.0010s ]
INFO: [ app_end ] --START--
INFO: Run Behavior\ShowPageTraceBehavior [ RunTime:0.002000s ]
INFO: [ app_end ] --END-- [ RunTime:0.002000s ]

[ 2017-07-31T12:05:00+08:00 ] 127.0.0.1 /index.php/Admin/Email/getCount.html
INFO: [ app_begin ] --START--
INFO: Run Behavior\ReadHtmlCacheBehavior [ RunTime:0.001000s ]
INFO: [ app_begin ] --END-- [ RunTime:0.001000s ]
SQL: SHOW COLUMNS FROM `sp_email` [ RunTime:0.0020s ]
SQL: SELECT COUNT(*) AS tp_count FROM `sp_email` WHERE ( isread = 0 and to_id =8 ) LIMIT 1   [ RunTime:0.0010s ]
INFO: [ app_end ] --START--
INFO: Run Behavior\ShowPageTraceBehavior [ RunTime:0.002000s ]
INFO: [ app_end ] --END-- [ RunTime:0.002000s ]

[ 2017-07-31T12:05:05+08:00 ] 127.0.0.1 /index.php/Admin/Email/getCount.html
INFO: [ app_begin ] --START--
INFO: Run Behavior\ReadHtmlCacheBehavior [ RunTime:0.001000s ]
INFO: [ app_begin ] --END-- [ RunTime:0.001000s ]
SQL: SHOW COLUMNS FROM `sp_email` [ RunTime:0.0020s ]
SQL: SELECT COUNT(*) AS tp_count FROM `sp_email` WHERE ( isread = 0 and to_id =8 ) LIMIT 1   [ RunTime:0.0010s ]
INFO: [ app_end ] --START--
INFO: Run Behavior\ShowPageTraceBehavior [ RunTime:0.002000s ]
INFO: [ app_end ] --END-- [ RunTime:0.002000s ]

[ 2017-07-31T12:05:10+08:00 ] 127.0.0.1 /index.php/Admin/Email/getCount.html
INFO: [ app_begin ] --START--
INFO: Run Behavior\ReadHtmlCacheBehavior [ RunTime:0.000000s ]
INFO: [ app_begin ] --END-- [ RunTime:0.001000s ]
SQL: SHOW COLUMNS FROM `sp_email` [ RunTime:0.0000s ]
SQL: SELECT COUNT(*) AS tp_count FROM `sp_email` WHERE ( isread = 0 and to_id =8 ) LIMIT 1   [ RunTime:0.0000s ]
INFO: [ app_end ] --START--
INFO: Run Behavior\ShowPageTraceBehavior [ RunTime:0.000000s ]
INFO: [ app_end ] --END-- [ RunTime:0.000000s ]

[ 2017-07-31T12:05:15+08:00 ] 127.0.0.1 /index.php/Admin/Email/getCount.html
INFO: [ app_begin ] --START--
INFO: Run Behavior\ReadHtmlCacheBehavior [ RunTime:0.001001s ]
INFO: [ app_begin ] --END-- [ RunTime:0.003001s ]
SQL: SHOW COLUMNS FROM `sp_email` [ RunTime:0.0010s ]
SQL: SELECT COUNT(*) AS tp_count FROM `sp_email` WHERE ( isread = 0 and to_id =8 ) LIMIT 1   [ RunTime:0.0020s ]
INFO: [ app_end ] --START--
INFO: Run Behavior\ShowPageTraceBehavior [ RunTime:0.002000s ]
INFO: [ app_end ] --END-- [ RunTime:0.002000s ]

[ 2017-07-31T12:05:20+08:00 ] 127.0.0.1 /index.php/Admin/Email/getCount.html
INFO: [ app_begin ] --START--
INFO: Run Behavior\ReadHtmlCacheBehavior [ RunTime:0.001000s ]
INFO: [ app_begin ] --END-- [ RunTime:0.002000s ]
SQL: SHOW COLUMNS FROM `sp_email` [ RunTime:0.0010s ]
SQL: SELECT COUNT(*) AS tp_count FROM `sp_email` WHERE ( isread = 0 and to_id =8 ) LIMIT 1   [ RunTime:0.0010s ]
INFO: [ app_end ] --START--
INFO: Run Behavior\ShowPageTraceBehavior [ RunTime:0.000000s ]
INFO: [ app_end ] --END-- [ RunTime:0.001000s ]

[ 2017-07-31T12:05:25+08:00 ] 127.0.0.1 /index.php/Admin/Email/getCount.html
INFO: [ app_begin ] --START--
INFO: Run Behavior\ReadHtmlCacheBehavior [ RunTime:0.000000s ]
INFO: [ app_begin ] --END-- [ RunTime:0.001000s ]
SQL: SHOW COLUMNS FROM `sp_email` [ RunTime:0.0020s ]
SQL: SELECT COUNT(*) AS tp_count FROM `sp_email` WHERE ( isread = 0 and to_id =8 ) LIMIT 1   [ RunTime:0.0020s ]
INFO: [ app_end ] --START--
INFO: Run Behavior\ShowPageTraceBehavior [ RunTime:0.002000s ]
INFO: [ app_end ] --END-- [ RunTime:0.002000s ]

[ 2017-07-31T12:05:30+08:00 ] 127.0.0.1 /index.php/Admin/Email/getCount.html
INFO: [ app_begin ] --START--
INFO: Run Behavior\ReadHtmlCacheBehavior [ RunTime:0.000000s ]
INFO: [ app_begin ] --END-- [ RunTime:0.001000s ]
SQL: SHOW COLUMNS FROM `sp_email` [ RunTime:0.0000s ]
SQL: SELECT COUNT(*) AS tp_count FROM `sp_email` WHERE ( isread = 0 and to_id =8 ) LIMIT 1   [ RunTime:0.0000s ]
INFO: [ app_end ] --START--
INFO: Run Behavior\ShowPageTraceBehavior [ RunTime:0.000000s ]
INFO: [ app_end ] --END-- [ RunTime:0.000000s ]

[ 2017-07-31T12:05:35+08:00 ] 127.0.0.1 /index.php/Admin/Email/getCount.html
INFO: [ app_begin ] --START--
INFO: Run Behavior\ReadHtmlCacheBehavior [ RunTime:0.001000s ]
INFO: [ app_begin ] --END-- [ RunTime:0.002000s ]
SQL: SHOW COLUMNS FROM `sp_email` [ RunTime:0.0730s ]
SQL: SELECT COUNT(*) AS tp_count FROM `sp_email` WHERE ( isread = 0 and to_id =8 ) LIMIT 1   [ RunTime:0.0010s ]
INFO: [ app_end ] --START--
INFO: Run Behavior\ShowPageTraceBehavior [ RunTime:0.002000s ]
INFO: [ app_end ] --END-- [ RunTime:0.002000s ]

[ 2017-07-31T12:05:40+08:00 ] 127.0.0.1 /index.php/Admin/Email/getCount.html
INFO: [ app_begin ] --START--
INFO: Run Behavior\ReadHtmlCacheBehavior [ RunTime:0.000000s ]
INFO: [ app_begin ] --END-- [ RunTime:0.001000s ]
SQL: SHOW COLUMNS FROM `sp_email` [ RunTime:0.0010s ]
SQL: SELECT COUNT(*) AS tp_count FROM `sp_email` WHERE ( isread = 0 and to_id =8 ) LIMIT 1   [ RunTime:0.0000s ]
INFO: [ app_end ] --START--
INFO: Run Behavior\ShowPageTraceBehavior [ RunTime:0.001000s ]
INFO: [ app_end ] --END-- [ RunTime:0.001000s ]

[ 2017-07-31T12:05:45+08:00 ] 127.0.0.1 /index.php/Admin/Email/getCount.html
INFO: [ app_begin ] --START--
INFO: Run Behavior\ReadHtmlCacheBehavior [ RunTime:0.000000s ]
INFO: [ app_begin ] --END-- [ RunTime:0.002000s ]
SQL: SHOW COLUMNS FROM `sp_email` [ RunTime:0.0010s ]
SQL: SELECT COUNT(*) AS tp_count FROM `sp_email` WHERE ( isread = 0 and to_id =8 ) LIMIT 1   [ RunTime:0.0010s ]
INFO: [ app_end ] --START--
INFO: Run Behavior\ShowPageTraceBehavior [ RunTime:0.001000s ]
INFO: [ app_end ] --END-- [ RunTime:0.001000s ]

[ 2017-07-31T12:05:50+08:00 ] 127.0.0.1 /index.php/Admin/Email/getCount.html
INFO: [ app_begin ] --START--
INFO: Run Behavior\ReadHtmlCacheBehavior [ RunTime:0.000000s ]
INFO: [ app_begin ] --END-- [ RunTime:0.001000s ]
SQL: SHOW COLUMNS FROM `sp_email` [ RunTime:0.0000s ]
SQL: SELECT COUNT(*) AS tp_count FROM `sp_email` WHERE ( isread = 0 and to_id =8 ) LIMIT 1   [ RunTime:0.0000s ]
INFO: [ app_end ] --START--
INFO: Run Behavior\ShowPageTraceBehavior [ RunTime:0.000000s ]
INFO: [ app_end ] --END-- [ RunTime:0.000000s ]

[ 2017-07-31T12:05:55+08:00 ] 127.0.0.1 /index.php/Admin/Email/getCount.html
INFO: [ app_begin ] --START--
INFO: Run Behavior\ReadHtmlCacheBehavior [ RunTime:0.001000s ]
INFO: [ app_begin ] --END-- [ RunTime:0.001000s ]
SQL: SHOW COLUMNS FROM `sp_email` [ RunTime:0.0000s ]
SQL: SELECT COUNT(*) AS tp_count FROM `sp_email` WHERE ( isread = 0 and to_id =8 ) LIMIT 1   [ RunTime:0.0000s ]
INFO: [ app_end ] --START--
INFO: Run Behavior\ShowPageTraceBehavior [ RunTime:0.001000s ]
INFO: [ app_end ] --END-- [ RunTime:0.001000s ]

[ 2017-07-31T12:06:00+08:00 ] 127.0.0.1 /index.php/Admin/Email/getCount.html
INFO: [ app_begin ] --START--
INFO: Run Behavior\ReadHtmlCacheBehavior [ RunTime:0.000000s ]
INFO: [ app_begin ] --END-- [ RunTime:0.002000s ]
SQL: SHOW COLUMNS FROM `sp_email` [ RunTime:0.0400s ]
SQL: SELECT COUNT(*) AS tp_count FROM `sp_email` WHERE ( isread = 0 and to_id =8 ) LIMIT 1   [ RunTime:0.0020s ]
INFO: [ app_end ] --START--
INFO: Run Behavior\ShowPageTraceBehavior [ RunTime:0.002000s ]
INFO: [ app_end ] --END-- [ RunTime:0.002000s ]

[ 2017-07-31T12:06:05+08:00 ] 127.0.0.1 /index.php/Admin/Email/getCount.html
INFO: [ app_begin ] --START--
INFO: Run Behavior\ReadHtmlCacheBehavior [ RunTime:0.000000s ]
INFO: [ app_begin ] --END-- [ RunTime:0.002000s ]
SQL: SHOW COLUMNS FROM `sp_email` [ RunTime:0.0020s ]
SQL: SELECT COUNT(*) AS tp_count FROM `sp_email` WHERE ( isread = 0 and to_id =8 ) LIMIT 1   [ RunTime:0.0010s ]
INFO: [ app_end ] --START--
INFO: Run Behavior\ShowPageTraceBehavior [ RunTime:0.002000s ]
INFO: [ app_end ] --END-- [ RunTime:0.003000s ]

[ 2017-07-31T12:06:10+08:00 ] 127.0.0.1 /index.php/Admin/Email/getCount.html
INFO: [ app_begin ] --START--
INFO: Run Behavior\ReadHtmlCacheBehavior [ RunTime:0.000000s ]
INFO: [ app_begin ] --END-- [ RunTime:0.001001s ]
SQL: SHOW COLUMNS FROM `sp_email` [ RunTime:0.0010s ]
SQL: SELECT COUNT(*) AS tp_count FROM `sp_email` WHERE ( isread = 0 and to_id =8 ) LIMIT 1   [ RunTime:0.0000s ]
INFO: [ app_end ] --START--
INFO: Run Behavior\ShowPageTraceBehavior [ RunTime:0.001000s ]
INFO: [ app_end ] --END-- [ RunTime:0.001000s ]

[ 2017-07-31T12:06:15+08:00 ] 127.0.0.1 /index.php/Admin/Email/getCount.html
INFO: [ app_begin ] --START--
INFO: Run Behavior\ReadHtmlCacheBehavior [ RunTime:0.000000s ]
INFO: [ app_begin ] --END-- [ RunTime:0.000000s ]
SQL: SHOW COLUMNS FROM `sp_email` [ RunTime:0.0010s ]
SQL: SELECT COUNT(*) AS tp_count FROM `sp_email` WHERE ( isread = 0 and to_id =8 ) LIMIT 1   [ RunTime:0.0010s ]
INFO: [ app_end ] --START--
INFO: Run Behavior\ShowPageTraceBehavior [ RunTime:0.001000s ]
INFO: [ app_end ] --END-- [ RunTime:0.001000s ]

[ 2017-07-31T12:06:20+08:00 ] 127.0.0.1 /index.php/Admin/Email/getCount.html
INFO: [ app_begin ] --START--
INFO: Run Behavior\ReadHtmlCacheBehavior [ RunTime:0.000000s ]
INFO: [ app_begin ] --END-- [ RunTime:0.001000s ]
SQL: SHOW COLUMNS FROM `sp_email` [ RunTime:0.0170s ]
SQL: SELECT COUNT(*) AS tp_count FROM `sp_email` WHERE ( isread = 0 and to_id =8 ) LIMIT 1   [ RunTime:0.0010s ]
INFO: [ app_end ] --START--
INFO: Run Behavior\ShowPageTraceBehavior [ RunTime:0.000000s ]
INFO: [ app_end ] --END-- [ RunTime:0.000000s ]

[ 2017-07-31T12:06:25+08:00 ] 127.0.0.1 /index.php/Admin/Email/getCount.html
INFO: [ app_begin ] --START--
INFO: Run Behavior\ReadHtmlCacheBehavior [ RunTime:0.000000s ]
INFO: [ app_begin ] --END-- [ RunTime:0.001000s ]
SQL: SHOW COLUMNS FROM `sp_email` [ RunTime:0.0010s ]
SQL: SELECT COUNT(*) AS tp_count FROM `sp_email` WHERE ( isread = 0 and to_id =8 ) LIMIT 1   [ RunTime:0.0010s ]
INFO: [ app_end ] --START--
INFO: Run Behavior\ShowPageTraceBehavior [ RunTime:0.000000s ]
INFO: [ app_end ] --END-- [ RunTime:0.001000s ]

[ 2017-07-31T12:06:30+08:00 ] 127.0.0.1 /index.php/Admin/Email/getCount.html
INFO: [ app_begin ] --START--
INFO: Run Behavior\ReadHtmlCacheBehavior [ RunTime:0.001000s ]
INFO: [ app_begin ] --END-- [ RunTime:0.001000s ]
SQL: SHOW COLUMNS FROM `sp_email` [ RunTime:0.0010s ]
SQL: SELECT COUNT(*) AS tp_count FROM `sp_email` WHERE ( isread = 0 and to_id =8 ) LIMIT 1   [ RunTime:0.0000s ]
INFO: [ app_end ] --START--
INFO: Run Behavior\ShowPageTraceBehavior [ RunTime:0.001001s ]
INFO: [ app_end ] --END-- [ RunTime:0.001001s ]

[ 2017-07-31T12:06:35+08:00 ] 127.0.0.1 /index.php/Admin/Email/getCount.html
INFO: [ app_begin ] --START--
INFO: Run Behavior\ReadHtmlCacheBehavior [ RunTime:0.001000s ]
INFO: [ app_begin ] --END-- [ RunTime:0.002000s ]
SQL: SHOW COLUMNS FROM `sp_email` [ RunTime:0.0010s ]
SQL: SELECT COUNT(*) AS tp_count FROM `sp_email` WHERE ( isread = 0 and to_id =8 ) LIMIT 1   [ RunTime:0.0010s ]
INFO: [ app_end ] --START--
INFO: Run Behavior\ShowPageTraceBehavior [ RunTime:0.001000s ]
INFO: [ app_end ] --END-- [ RunTime:0.001000s ]

[ 2017-07-31T12:06:40+08:00 ] 127.0.0.1 /index.php/Admin/Email/getCount.html
INFO: [ app_begin ] --START--
INFO: Run Behavior\ReadHtmlCacheBehavior [ RunTime:0.000000s ]
INFO: [ app_begin ] --END-- [ RunTime:0.000000s ]
SQL: SHOW COLUMNS FROM `sp_email` [ RunTime:0.0010s ]
SQL: SELECT COUNT(*) AS tp_count FROM `sp_email` WHERE ( isread = 0 and to_id =8 ) LIMIT 1   [ RunTime:0.0000s ]
INFO: [ app_end ] --START--
INFO: Run Behavior\ShowPageTraceBehavior [ RunTime:0.001000s ]
INFO: [ app_end ] --END-- [ RunTime:0.001000s ]

[ 2017-07-31T12:06:45+08:00 ] 127.0.0.1 /index.php/Admin/Email/getCount.html
INFO: [ app_begin ] --START--
INFO: Run Behavior\ReadHtmlCacheBehavior [ RunTime:0.001000s ]
INFO: [ app_begin ] --END-- [ RunTime:0.001000s ]
SQL: SHOW COLUMNS FROM `sp_email` [ RunTime:0.0110s ]
SQL: SELECT COUNT(*) AS tp_count FROM `sp_email` WHERE ( isread = 0 and to_id =8 ) LIMIT 1   [ RunTime:0.0010s ]
INFO: [ app_end ] --START--
INFO: Run Behavior\ShowPageTraceBehavior [ RunTime:0.000000s ]
INFO: [ app_end ] --END-- [ RunTime:0.001000s ]

[ 2017-07-31T12:06:50+08:00 ] 127.0.0.1 /index.php/Admin/Email/getCount.html
INFO: [ app_begin ] --START--
INFO: Run Behavior\ReadHtmlCacheBehavior [ RunTime:0.000000s ]
INFO: [ app_begin ] --END-- [ RunTime:0.000000s ]
SQL: SHOW COLUMNS FROM `sp_email` [ RunTime:0.0010s ]
SQL: SELECT COUNT(*) AS tp_count FROM `sp_email` WHERE ( isread = 0 and to_id =8 ) LIMIT 1   [ RunTime:0.0010s ]
INFO: [ app_end ] --START--
INFO: Run Behavior\ShowPageTraceBehavior [ RunTime:0.000000s ]
INFO: [ app_end ] --END-- [ RunTime:0.001000s ]

[ 2017-07-31T12:06:55+08:00 ] 127.0.0.1 /index.php/Admin/Email/getCount.html
INFO: [ app_begin ] --START--
INFO: Run Behavior\ReadHtmlCacheBehavior [ RunTime:0.000000s ]
INFO: [ app_begin ] --END-- [ RunTime:0.001000s ]
SQL: SHOW COLUMNS FROM `sp_email` [ RunTime:0.0020s ]
SQL: SELECT COUNT(*) AS tp_count FROM `sp_email` WHERE ( isread = 0 and to_id =8 ) LIMIT 1   [ RunTime:0.0020s ]
INFO: [ app_end ] --START--
INFO: Run Behavior\ShowPageTraceBehavior [ RunTime:0.002000s ]
INFO: [ app_end ] --END-- [ RunTime:0.002000s ]

[ 2017-07-31T12:07:00+08:00 ] 127.0.0.1 /index.php/Admin/Email/getCount.html
INFO: [ app_begin ] --START--
INFO: Run Behavior\ReadHtmlCacheBehavior [ RunTime:0.001000s ]
INFO: [ app_begin ] --END-- [ RunTime:0.002000s ]
SQL: SHOW COLUMNS FROM `sp_email` [ RunTime:0.0010s ]
SQL: SELECT COUNT(*) AS tp_count FROM `sp_email` WHERE ( isread = 0 and to_id =8 ) LIMIT 1   [ RunTime:0.0000s ]
INFO: [ app_end ] --START--
INFO: Run Behavior\ShowPageTraceBehavior [ RunTime:0.002001s ]
INFO: [ app_end ] --END-- [ RunTime:0.002001s ]

[ 2017-07-31T12:07:05+08:00 ] 127.0.0.1 /index.php/Admin/Email/getCount.html
INFO: [ app_begin ] --START--
INFO: Run Behavior\ReadHtmlCacheBehavior [ RunTime:0.000000s ]
INFO: [ app_begin ] --END-- [ RunTime:0.002000s ]
SQL: SHOW COLUMNS FROM `sp_email` [ RunTime:0.0000s ]
SQL: SELECT COUNT(*) AS tp_count FROM `sp_email` WHERE ( isread = 0 and to_id =8 ) LIMIT 1   [ RunTime:0.0000s ]
INFO: [ app_end ] --START--
INFO: Run Behavior\ShowPageTraceBehavior [ RunTime:0.000000s ]
INFO: [ app_end ] --END-- [ RunTime:0.001000s ]

[ 2017-07-31T12:07:10+08:00 ] 127.0.0.1 /index.php/Admin/Email/getCount.html
INFO: [ app_begin ] --START--
INFO: Run Behavior\ReadHtmlCacheBehavior [ RunTime:0.001000s ]
INFO: [ app_begin ] --END-- [ RunTime:0.001000s ]
SQL: SHOW COLUMNS FROM `sp_email` [ RunTime:0.0010s ]
SQL: SELECT COUNT(*) AS tp_count FROM `sp_email` WHERE ( isread = 0 and to_id =8 ) LIMIT 1   [ RunTime:0.0010s ]
INFO: [ app_end ] --START--
INFO: Run Behavior\ShowPageTraceBehavior [ RunTime:0.001000s ]
INFO: [ app_end ] --END-- [ RunTime:0.001000s ]

[ 2017-07-31T12:07:15+08:00 ] 127.0.0.1 /index.php/Admin/Email/getCount.html
INFO: [ app_begin ] --START--
INFO: Run Behavior\ReadHtmlCacheBehavior [ RunTime:0.001000s ]
INFO: [ app_begin ] --END-- [ RunTime:0.002000s ]
SQL: SHOW COLUMNS FROM `sp_email` [ RunTime:0.0010s ]
SQL: SELECT COUNT(*) AS tp_count FROM `sp_email` WHERE ( isread = 0 and to_id =8 ) LIMIT 1   [ RunTime:0.0010s ]
INFO: [ app_end ] --START--
INFO: Run Behavior\ShowPageTraceBehavior [ RunTime:0.001000s ]
INFO: [ app_end ] --END-- [ RunTime:0.001000s ]

[ 2017-07-31T12:07:20+08:00 ] 127.0.0.1 /index.php/Admin/Email/getCount.html
INFO: [ app_begin ] --START--
INFO: Run Behavior\ReadHtmlCacheBehavior [ RunTime:0.000000s ]
INFO: [ app_begin ] --END-- [ RunTime:0.001001s ]
SQL: SHOW COLUMNS FROM `sp_email` [ RunTime:0.0010s ]
SQL: SELECT COUNT(*) AS tp_count FROM `sp_email` WHERE ( isread = 0 and to_id =8 ) LIMIT 1   [ RunTime:0.0000s ]
INFO: [ app_end ] --START--
INFO: Run Behavior\ShowPageTraceBehavior [ RunTime:0.001000s ]
INFO: [ app_end ] --END-- [ RunTime:0.001000s ]

[ 2017-07-31T12:07:25+08:00 ] 127.0.0.1 /index.php/Admin/Email/getCount.html
INFO: [ app_begin ] --START--
INFO: Run Behavior\ReadHtmlCacheBehavior [ RunTime:0.000000s ]
INFO: [ app_begin ] --END-- [ RunTime:0.001000s ]
SQL: SHOW COLUMNS FROM `sp_email` [ RunTime:0.0000s ]
SQL: SELECT COUNT(*) AS tp_count FROM `sp_email` WHERE ( isread = 0 and to_id =8 ) LIMIT 1   [ RunTime:0.0000s ]
INFO: [ app_end ] --START--
INFO: Run Behavior\ShowPageTraceBehavior [ RunTime:0.000000s ]
INFO: [ app_end ] --END-- [ RunTime:0.001000s ]

[ 2017-07-31T12:07:30+08:00 ] 127.0.0.1 /index.php/Admin/Email/getCount.html
INFO: [ app_begin ] --START--
INFO: Run Behavior\ReadHtmlCacheBehavior [ RunTime:0.001000s ]
INFO: [ app_begin ] --END-- [ RunTime:0.003000s ]
SQL: SHOW COLUMNS FROM `sp_email` [ RunTime:0.0380s ]
SQL: SELECT COUNT(*) AS tp_count FROM `sp_email` WHERE ( isread = 0 and to_id =8 ) LIMIT 1   [ RunTime:0.0000s ]
INFO: [ app_end ] --START--
INFO: Run Behavior\ShowPageTraceBehavior [ RunTime:0.001000s ]
INFO: [ app_end ] --END-- [ RunTime:0.001000s ]

[ 2017-07-31T12:07:35+08:00 ] 127.0.0.1 /index.php/Admin/Email/getCount.html
INFO: [ app_begin ] --START--
INFO: Run Behavior\ReadHtmlCacheBehavior [ RunTime:0.001000s ]
INFO: [ app_begin ] --END-- [ RunTime:0.002000s ]
SQL: SHOW COLUMNS FROM `sp_email` [ RunTime:0.0010s ]
SQL: SELECT COUNT(*) AS tp_count FROM `sp_email` WHERE ( isread = 0 and to_id =8 ) LIMIT 1   [ RunTime:0.0010s ]
INFO: [ app_end ] --START--
INFO: Run Behavior\ShowPageTraceBehavior [ RunTime:0.000000s ]
INFO: [ app_end ] --END-- [ RunTime:0.001000s ]

[ 2017-07-31T12:07:40+08:00 ] 127.0.0.1 /index.php/Admin/Email/getCount.html
INFO: [ app_begin ] --START--
INFO: Run Behavior\ReadHtmlCacheBehavior [ RunTime:0.000000s ]
INFO: [ app_begin ] --END-- [ RunTime:0.001000s ]
SQL: SHOW COLUMNS FROM `sp_email` [ RunTime:0.0020s ]
SQL: SELECT COUNT(*) AS tp_count FROM `sp_email` WHERE ( isread = 0 and to_id =8 ) LIMIT 1   [ RunTime:0.0010s ]
INFO: [ app_end ] --START--
INFO: Run Behavior\ShowPageTraceBehavior [ RunTime:0.002000s ]
INFO: [ app_end ] --END-- [ RunTime:0.002000s ]

[ 2017-07-31T12:07:45+08:00 ] 127.0.0.1 /index.php/Admin/Email/getCount.html
INFO: [ app_begin ] --START--
INFO: Run Behavior\ReadHtmlCacheBehavior [ RunTime:0.001000s ]
INFO: [ app_begin ] --END-- [ RunTime:0.002000s ]
SQL: SHOW COLUMNS FROM `sp_email` [ RunTime:0.0010s ]
SQL: SELECT COUNT(*) AS tp_count FROM `sp_email` WHERE ( isread = 0 and to_id =8 ) LIMIT 1   [ RunTime:0.0000s ]
INFO: [ app_end ] --START--
INFO: Run Behavior\ShowPageTraceBehavior [ RunTime:0.001000s ]
INFO: [ app_end ] --END-- [ RunTime:0.001000s ]

[ 2017-07-31T12:07:50+08:00 ] 127.0.0.1 /index.php/Admin/Email/getCount.html
INFO: [ app_begin ] --START--
INFO: Run Behavior\ReadHtmlCacheBehavior [ RunTime:0.000000s ]
INFO: [ app_begin ] --END-- [ RunTime:0.001000s ]
SQL: SHOW COLUMNS FROM `sp_email` [ RunTime:0.0010s ]
SQL: SELECT COUNT(*) AS tp_count FROM `sp_email` WHERE ( isread = 0 and to_id =8 ) LIMIT 1   [ RunTime:0.0010s ]
INFO: [ app_end ] --START--
INFO: Run Behavior\ShowPageTraceBehavior [ RunTime:0.001000s ]
INFO: [ app_end ] --END-- [ RunTime:0.001000s ]

[ 2017-07-31T12:07:55+08:00 ] 127.0.0.1 /index.php/Admin/Email/getCount.html
INFO: [ app_begin ] --START--
INFO: Run Behavior\ReadHtmlCacheBehavior [ RunTime:0.002001s ]
INFO: [ app_begin ] --END-- [ RunTime:0.003001s ]
SQL: SHOW COLUMNS FROM `sp_email` [ RunTime:0.0420s ]
SQL: SELECT COUNT(*) AS tp_count FROM `sp_email` WHERE ( isread = 0 and to_id =8 ) LIMIT 1   [ RunTime:0.0000s ]
INFO: [ app_end ] --START--
INFO: Run Behavior\ShowPageTraceBehavior [ RunTime:0.001000s ]
INFO: [ app_end ] --END-- [ RunTime:0.001000s ]

[ 2017-07-31T12:08:00+08:00 ] 127.0.0.1 /index.php/Admin/Email/getCount.html
INFO: [ app_begin ] --START--
INFO: Run Behavior\ReadHtmlCacheBehavior [ RunTime:0.001001s ]
INFO: [ app_begin ] --END-- [ RunTime:0.001001s ]
SQL: SHOW COLUMNS FROM `sp_email` [ RunTime:0.0090s ]
SQL: SELECT COUNT(*) AS tp_count FROM `sp_email` WHERE ( isread = 0 and to_id =8 ) LIMIT 1   [ RunTime:0.0000s ]
INFO: [ app_end ] --START--
INFO: Run Behavior\ShowPageTraceBehavior [ RunTime:0.000000s ]
INFO: [ app_end ] --END-- [ RunTime:0.000000s ]

